#
# There is insufficient memory for the Java Runtime Environment to continue.
# Native memory allocation (malloc) failed to allocate 32784 bytes for Chunk::new
# Possible reasons:
#   The system is out of physical RAM or swap space
#   The process is running with CompressedOops enabled, and the Java Heap may be blocking the growth of the native heap
# Possible solutions:
#   Reduce memory load on the system
#   Increase physical memory or swap space
#   Check if swap backing store is full
#   Decrease Java heap size (-Xmx/-Xms)
#   Decrease number of Java threads
#   Decrease Java thread stack sizes (-Xss)
#   Set larger code cache with -XX:ReservedCodeCacheSize=
#   JVM is running with Unscaled Compressed Oops mode in which the Java heap is
#     placed in the first 4GB address space. The Java Heap base address is the
#     maximum limit for the native heap growth. Please use -XX:HeapBaseMinAddress
#     to set the Java Heap base and to place the Java Heap above 4GB virtual address.
# This output file may be truncated or incomplete.
#
#  Out of Memory Error (allocation.cpp:389), pid=14552, tid=0x0000000000005d48
#
# JRE version: OpenJDK Runtime Environment (8.0_202-b03) (build 1.8.0_202-release-1483-b03)
# Java VM: OpenJDK 64-Bit Server VM (25.202-b03 mixed mode windows-amd64 compressed oops)
# Failed to write core dump. Minidumps are not enabled by default on client versions of Windows
#

---------------  T H R E A D  ---------------

Current thread (0x0000000014559000):  JavaThread "C2 CompilerThread0" daemon [_thread_in_native, id=23880, stack(0x0000000015bd0000,0x0000000015cd0000)]

Stack: [0x0000000015bd0000,0x0000000015cd0000]
[error occurred during error reporting (printing stack bounds), id 0xc0000005]

Native frames: (J=compiled Java code, j=interpreted, Vv=VM code, C=native code)


Current CompileTask:
C2:   7837 2524   !   4       java.net.URLClassLoader$1::run (63 bytes)


---------------  P R O C E S S  ---------------

Java Threads: ( => current thread )
  0x000000001a082800 JavaThread "Cache worker for execution history cache (C:\Users\kiera\.gradle\caches\5.4.1\executionHistory)" [_thread_blocked, id=19296, stack(0x000000001e400000,0x000000001e500000)]
  0x0000000017b96000 JavaThread "Cache worker for cache directory md-rule (C:\Users\kiera\.gradle\caches\5.4.1\md-rule)" [_thread_blocked, id=12712, stack(0x000000001ca50000,0x000000001cb50000)]
  0x0000000017b94800 JavaThread "Cache worker for cache directory md-supplier (C:\Users\kiera\.gradle\caches\5.4.1\md-supplier)" [_thread_blocked, id=27028, stack(0x000000001c590000,0x000000001c690000)]
  0x0000000017b99000 JavaThread "Cache worker for file hash cache (C:\Users\kiera\Documents\GitHub\SkyStone2\.gradle\5.4.1\fileHashes)" [_thread_blocked, id=13684, stack(0x000000001c950000,0x000000001ca50000)]
  0x0000000017b98000 JavaThread "Cache worker for journal cache (C:\Users\kiera\.gradle\caches\journal-1)" [_thread_blocked, id=27868, stack(0x0000000019120000,0x0000000019220000)]
  0x0000000017b97800 JavaThread "File lock request listener" [_thread_in_native, id=13204, stack(0x0000000019020000,0x0000000019120000)]
  0x0000000017b96800 JavaThread "Cache worker for file hash cache (C:\Users\kiera\.gradle\caches\5.4.1\fileHashes)" [_thread_blocked, id=11484, stack(0x0000000018f20000,0x0000000019020000)]
  0x0000000017776000 JavaThread "Thread-9" [_thread_blocked, id=17172, stack(0x0000000018e20000,0x0000000018f20000)]
  0x00000000177b7000 JavaThread "Stdin handler" [_thread_blocked, id=23808, stack(0x0000000018d20000,0x0000000018e20000)]
  0x00000000177b6800 JavaThread "Asynchronous log dispatcher for DefaultDaemonConnection: socket connection from /127.0.0.1:49344 to /127.0.0.1:49345" [_thread_blocked, id=27404, stack(0x0000000018c20000,0x0000000018d20000)]
  0x00000000177b5800 JavaThread "Daemon worker" [_thread_in_native, id=14088, stack(0x0000000018b20000,0x0000000018c20000)]
  0x00000000177b5000 JavaThread "Cancel handler" [_thread_blocked, id=27996, stack(0x0000000018a20000,0x0000000018b20000)]
  0x000000001775b000 JavaThread "Handler for socket connection from /127.0.0.1:49344 to /127.0.0.1:49345" [_thread_in_native, id=25200, stack(0x0000000018720000,0x0000000018820000)]
  0x0000000017758800 JavaThread "Daemon" [_thread_blocked, id=12088, stack(0x0000000018620000,0x0000000018720000)]
  0x0000000017483800 JavaThread "Daemon periodic checks" [_thread_blocked, id=23300, stack(0x0000000018520000,0x0000000018620000)]
  0x0000000017469800 JavaThread "Incoming local TCP Connector on port 49344" [_thread_in_native, id=23200, stack(0x00000000182e0000,0x00000000183e0000)]
  0x000000001781e000 JavaThread "Daemon health stats" [_thread_blocked, id=12568, stack(0x0000000017ca0000,0x0000000017da0000)]
  0x00000000145be800 JavaThread "Service Thread" daemon [_thread_blocked, id=26652, stack(0x00000000162d0000,0x00000000163d0000)]
  0x000000001456d800 JavaThread "C1 CompilerThread2" daemon [_thread_blocked, id=3112, stack(0x0000000015dd0000,0x0000000015ed0000)]
  0x0000000014567000 JavaThread "C2 CompilerThread1" daemon [_thread_in_native, id=20032, stack(0x0000000015cd0000,0x0000000015dd0000)]
=>0x0000000014559000 JavaThread "C2 CompilerThread0" daemon [_thread_in_native, id=23880, stack(0x0000000015bd0000,0x0000000015cd0000)]
  0x0000000014558000 JavaThread "Attach Listener" daemon [_thread_blocked, id=20980, stack(0x0000000015ad0000,0x0000000015bd0000)]
  0x0000000014565800 JavaThread "Signal Dispatcher" daemon [_thread_blocked, id=16860, stack(0x00000000159d0000,0x0000000015ad0000)]
  0x00000000031eb000 JavaThread "Finalizer" daemon [_thread_blocked, id=27696, stack(0x00000000157d0000,0x00000000158d0000)]
  0x0000000014549000 JavaThread "Reference Handler" daemon [_thread_blocked, id=12316, stack(0x00000000156d0000,0x00000000157d0000)]
  0x00000000017be000 JavaThread "main" [_thread_blocked, id=24296, stack(0x0000000002f90000,0x0000000003090000)]

Other Threads:
  0x0000000014526800 VMThread [stack: 0x00000000155d0000,0x00000000156d0000] [id=18956]
  0x0000000015f08800 WatcherThread [stack: 0x00000000163d0000,0x00000000164d0000] [id=26740]

VM state:not at safepoint (normal execution)

VM Mutex/Monitor currently owned by a thread: None

heap address: 0x00000000e0000000, size: 512 MB, Compressed Oops mode: 32-bit
Narrow klass base: 0x0000000000000000, Narrow klass shift: 3
Compressed class space size: 1073741824 Address: 0x0000000100000000

Heap:
 PSYoungGen      total 76288K, used 51980K [0x00000000f5580000, 0x00000000fc700000, 0x0000000100000000)
  eden space 65536K, 65% used [0x00000000f5580000,0x00000000f7fae908,0x00000000f9580000)
  from space 10752K, 81% used [0x00000000fa000000,0x00000000fa894a30,0x00000000faa80000)
  to   space 10752K, 0% used [0x00000000f9580000,0x00000000f9580000,0x00000000fa000000)
 ParOldGen       total 175104K, used 10814K [0x00000000e0000000, 0x00000000eab00000, 0x00000000f5580000)
  object space 175104K, 6% used [0x00000000e0000000,0x00000000e0a8f970,0x00000000eab00000)
 Metaspace       used 32113K, capacity 32730K, committed 33024K, reserved 1077248K
  class space    used 4347K, capacity 4556K, committed 4608K, reserved 1048576K

Card table byte_map: [0x00000000125b0000,0x00000000126c0000] byte_map_base: 0x0000000011eb0000

Marking Bits: (ParMarkBitMap*) 0x0000000058869f30
 Begin Bits: [0x0000000012ac0000, 0x00000000132c0000)
 End Bits:   [0x00000000132c0000, 0x0000000013ac0000)

Polling page: 0x00000000016d0000

CodeCache: size=245760Kb used=9576Kb max_used=9587Kb free=236183Kb
 bounds [0x00000000031f0000, 0x0000000003b60000, 0x00000000121f0000]
 total_blobs=3220 nmethods=2517 adapters=616
 compilation: enabled

Compilation events (10 events):
Event: 7.812 Thread 0x000000001456d800 2520       1       sun.reflect.generics.tree.TypeVariableSignature::getIdentifier (5 bytes)
Event: 7.812 Thread 0x000000001456d800 nmethod 2520 0x0000000003b486d0 code [0x0000000003b48820, 0x0000000003b48930]
Event: 7.812 Thread 0x000000001456d800 2521       1       sun.reflect.generics.factory.CoreReflectionFactory::getScope (5 bytes)
Event: 7.812 Thread 0x000000001456d800 nmethod 2521 0x0000000003b48410 code [0x0000000003b48560, 0x0000000003b48670]
Event: 7.813 Thread 0x000000001456d800 2522       1       sun.reflect.generics.tree.MethodTypeSignature::getExceptionTypes (5 bytes)
Event: 7.813 Thread 0x000000001456d800 nmethod 2522 0x0000000003b4ec90 code [0x0000000003b4ede0, 0x0000000003b4eef0]
Event: 7.814 Thread 0x000000001456d800 2523       3       com.google.common.collect.ImmutableList$Builder::add (8 bytes)
Event: 7.815 Thread 0x000000001456d800 nmethod 2523 0x0000000003b4ef50 code [0x0000000003b4f0e0, 0x0000000003b4f598]
Event: 7.819 Thread 0x0000000014559000 nmethod 2509 0x0000000003b528d0 code [0x0000000003b52a40, 0x0000000003b52eb8]
Event: 7.819 Thread 0x0000000014559000 2524   !   4       java.net.URLClassLoader$1::run (63 bytes)

GC Heap History (10 events):
Event: 1.536 GC heap before
{Heap before GC invocations=1 (full 0):
 PSYoungGen      total 76288K, used 65536K [0x00000000f5580000, 0x00000000faa80000, 0x0000000100000000)
  eden space 65536K, 100% used [0x00000000f5580000,0x00000000f9580000,0x00000000f9580000)
  from space 10752K, 0% used [0x00000000fa000000,0x00000000fa000000,0x00000000faa80000)
  to   space 10752K, 0% used [0x00000000f9580000,0x00000000f9580000,0x00000000fa000000)
 ParOldGen       total 175104K, used 0K [0x00000000e0000000, 0x00000000eab00000, 0x00000000f5580000)
  object space 175104K, 0% used [0x00000000e0000000,0x00000000e0000000,0x00000000eab00000)
 Metaspace       used 8534K, capacity 8770K, committed 8832K, reserved 1056768K
  class space    used 1098K, capacity 1141K, committed 1152K, reserved 1048576K
Event: 1.547 GC heap after
Heap after GC invocations=1 (full 0):
 PSYoungGen      total 76288K, used 6557K [0x00000000f5580000, 0x00000000faa80000, 0x0000000100000000)
  eden space 65536K, 0% used [0x00000000f5580000,0x00000000f5580000,0x00000000f9580000)
  from space 10752K, 60% used [0x00000000f9580000,0x00000000f9be7468,0x00000000fa000000)
  to   space 10752K, 0% used [0x00000000fa000000,0x00000000fa000000,0x00000000faa80000)
 ParOldGen       total 175104K, used 8K [0x00000000e0000000, 0x00000000eab00000, 0x00000000f5580000)
  object space 175104K, 0% used [0x00000000e0000000,0x00000000e0002000,0x00000000eab00000)
 Metaspace       used 8534K, capacity 8770K, committed 8832K, reserved 1056768K
  class space    used 1098K, capacity 1141K, committed 1152K, reserved 1048576K
}
Event: 3.632 GC heap before
{Heap before GC invocations=2 (full 0):
 PSYoungGen      total 76288K, used 72093K [0x00000000f5580000, 0x00000000faa80000, 0x0000000100000000)
  eden space 65536K, 100% used [0x00000000f5580000,0x00000000f9580000,0x00000000f9580000)
  from space 10752K, 60% used [0x00000000f9580000,0x00000000f9be7468,0x00000000fa000000)
  to   space 10752K, 0% used [0x00000000fa000000,0x00000000fa000000,0x00000000faa80000)
 ParOldGen       total 175104K, used 8K [0x00000000e0000000, 0x00000000eab00000, 0x00000000f5580000)
  object space 175104K, 0% used [0x00000000e0000000,0x00000000e0002000,0x00000000eab00000)
 Metaspace       used 15395K, capacity 15784K, committed 16000K, reserved 1062912K
  class space    used 2187K, capacity 2328K, committed 2432K, reserved 1048576K
Event: 3.648 GC heap after
Heap after GC invocations=2 (full 0):
 PSYoungGen      total 76288K, used 10177K [0x00000000f5580000, 0x00000000faa80000, 0x0000000100000000)
  eden space 65536K, 0% used [0x00000000f5580000,0x00000000f5580000,0x00000000f9580000)
  from space 10752K, 94% used [0x00000000fa000000,0x00000000fa9f0420,0x00000000faa80000)
  to   space 10752K, 0% used [0x00000000f9580000,0x00000000f9580000,0x00000000fa000000)
 ParOldGen       total 175104K, used 16K [0x00000000e0000000, 0x00000000eab00000, 0x00000000f5580000)
  object space 175104K, 0% used [0x00000000e0000000,0x00000000e0004000,0x00000000eab00000)
 Metaspace       used 15395K, capacity 15784K, committed 16000K, reserved 1062912K
  class space    used 2187K, capacity 2328K, committed 2432K, reserved 1048576K
}
Event: 5.902 GC heap before
{Heap before GC invocations=3 (full 0):
 PSYoungGen      total 76288K, used 64000K [0x00000000f5580000, 0x00000000faa80000, 0x0000000100000000)
  eden space 65536K, 82% used [0x00000000f5580000,0x00000000f8a0fe00,0x00000000f9580000)
  from space 10752K, 94% used [0x00000000fa000000,0x00000000fa9f0420,0x00000000faa80000)
  to   space 10752K, 0% used [0x00000000f9580000,0x00000000f9580000,0x00000000fa000000)
 ParOldGen       total 175104K, used 16K [0x00000000e0000000, 0x00000000eab00000, 0x00000000f5580000)
  object space 175104K, 0% used [0x00000000e0000000,0x00000000e0004000,0x00000000eab00000)
 Metaspace       used 20700K, capacity 21168K, committed 21296K, reserved 1067008K
  class space    used 2965K, capacity 3124K, committed 3200K, reserved 1048576K
Event: 5.914 GC heap after
Heap after GC invocations=3 (full 0):
 PSYoungGen      total 76288K, used 10733K [0x00000000f5580000, 0x00000000faa80000, 0x0000000100000000)
  eden space 65536K, 0% used [0x00000000f5580000,0x00000000f5580000,0x00000000f9580000)
  from space 10752K, 99% used [0x00000000f9580000,0x00000000f9ffb5d0,0x00000000fa000000)
  to   space 10752K, 0% used [0x00000000fa000000,0x00000000fa000000,0x00000000faa80000)
 ParOldGen       total 175104K, used 392K [0x00000000e0000000, 0x00000000eab00000, 0x00000000f5580000)
  object space 175104K, 0% used [0x00000000e0000000,0x00000000e00621b8,0x00000000eab00000)
 Metaspace       used 20700K, capacity 21168K, committed 21296K, reserved 1067008K
  class space    used 2965K, capacity 3124K, committed 3200K, reserved 1048576K
}
Event: 5.914 GC heap before
{Heap before GC invocations=4 (full 1):
 PSYoungGen      total 76288K, used 10733K [0x00000000f5580000, 0x00000000faa80000, 0x0000000100000000)
  eden space 65536K, 0% used [0x00000000f5580000,0x00000000f5580000,0x00000000f9580000)
  from space 10752K, 99% used [0x00000000f9580000,0x00000000f9ffb5d0,0x00000000fa000000)
  to   space 10752K, 0% used [0x00000000fa000000,0x00000000fa000000,0x00000000faa80000)
 ParOldGen       total 175104K, used 392K [0x00000000e0000000, 0x00000000eab00000, 0x00000000f5580000)
  object space 175104K, 0% used [0x00000000e0000000,0x00000000e00621b8,0x00000000eab00000)
 Metaspace       used 20700K, capacity 21168K, committed 21296K, reserved 1067008K
  class space    used 2965K, capacity 3124K, committed 3200K, reserved 1048576K
Event: 5.964 GC heap after
Heap after GC invocations=4 (full 1):
 PSYoungGen      total 76288K, used 0K [0x00000000f5580000, 0x00000000faa80000, 0x0000000100000000)
  eden space 65536K, 0% used [0x00000000f5580000,0x00000000f5580000,0x00000000f9580000)
  from space 10752K, 0% used [0x00000000f9580000,0x00000000f9580000,0x00000000fa000000)
  to   space 10752K, 0% used [0x00000000fa000000,0x00000000fa000000,0x00000000faa80000)
 ParOldGen       total 175104K, used 10806K [0x00000000e0000000, 0x00000000eab00000, 0x00000000f5580000)
  object space 175104K, 6% used [0x00000000e0000000,0x00000000e0a8d970,0x00000000eab00000)
 Metaspace       used 20700K, capacity 21168K, committed 21296K, reserved 1067008K
  class space    used 2965K, capacity 3124K, committed 3200K, reserved 1048576K
}
Event: 7.206 GC heap before
{Heap before GC invocations=5 (full 1):
 PSYoungGen      total 76288K, used 65536K [0x00000000f5580000, 0x00000000faa80000, 0x0000000100000000)
  eden space 65536K, 100% used [0x00000000f5580000,0x00000000f9580000,0x00000000f9580000)
  from space 10752K, 0% used [0x00000000f9580000,0x00000000f9580000,0x00000000fa000000)
  to   space 10752K, 0% used [0x00000000fa000000,0x00000000fa000000,0x00000000faa80000)
 ParOldGen       total 175104K, used 10806K [0x00000000e0000000, 0x00000000eab00000, 0x00000000f5580000)
  object space 175104K, 6% used [0x00000000e0000000,0x00000000e0a8d970,0x00000000eab00000)
 Metaspace       used 29198K, capacity 29794K, committed 29952K, reserved 1075200K
  class space    used 3874K, capacity 4072K, committed 4096K, reserved 1048576K
Event: 7.216 GC heap after
Heap after GC invocations=5 (full 1):
 PSYoungGen      total 76288K, used 8786K [0x00000000f5580000, 0x00000000fc700000, 0x0000000100000000)
  eden space 65536K, 0% used [0x00000000f5580000,0x00000000f5580000,0x00000000f9580000)
  from space 10752K, 81% used [0x00000000fa000000,0x00000000fa894a30,0x00000000faa80000)
  to   space 10752K, 0% used [0x00000000f9580000,0x00000000f9580000,0x00000000fa000000)
 ParOldGen       total 175104K, used 10814K [0x00000000e0000000, 0x00000000eab00000, 0x00000000f5580000)
  object space 175104K, 6% used [0x00000000e0000000,0x00000000e0a8f970,0x00000000eab00000)
 Metaspace       used 29198K, capacity 29794K, committed 29952K, reserved 1075200K
  class space    used 3874K, capacity 4072K, committed 4096K, reserved 1048576K
}

Deoptimization events (10 events):
Event: 6.900 Thread 0x00000000177b5800 Uncommon trap: reason=class_check action=maybe_recompile pc=0x000000000351c56c method=sun.misc.URLClassPath.getResource(Ljava/lang/String;Z)Lsun/misc/Resource; @ 62
Event: 6.900 Thread 0x00000000177b5800 Uncommon trap: reason=unstable_if action=reinterpret pc=0x0000000003951ba4 method=java.lang.String.regionMatches(ZILjava/lang/String;II)Z @ 41
Event: 6.929 Thread 0x00000000177b5800 Uncommon trap: reason=class_check action=maybe_recompile pc=0x0000000003926e08 method=sun.misc.URLClassPath.getLoader(I)Lsun/misc/URLClassPath$Loader; @ 239
Event: 6.929 Thread 0x00000000177b5800 Uncommon trap: reason=unstable_if action=reinterpret pc=0x00000000038509a8 method=java.lang.String.regionMatches(ZILjava/lang/String;II)Z @ 41
Event: 6.940 Thread 0x00000000177b5800 Uncommon trap: reason=class_check action=maybe_recompile pc=0x0000000003926e08 method=sun.misc.URLClassPath.getLoader(I)Lsun/misc/URLClassPath$Loader; @ 239
Event: 6.983 Thread 0x00000000177b5800 Uncommon trap: reason=class_check action=maybe_recompile pc=0x0000000003926e08 method=sun.misc.URLClassPath.getLoader(I)Lsun/misc/URLClassPath$Loader; @ 239
Event: 7.122 Thread 0x00000000177b5800 Uncommon trap: reason=unstable_if action=reinterpret pc=0x0000000003684d60 method=java.util.HashMap.hash(Ljava/lang/Object;)I @ 1
Event: 7.217 Thread 0x0000000014549000 Uncommon trap: reason=unstable_if action=reinterpret pc=0x000000000384eebc method=java.lang.ref.Reference.tryHandlePending(Z)Z @ 104
Event: 7.232 Thread 0x00000000177b5800 Uncommon trap: reason=unstable_if action=reinterpret pc=0x000000000348974c method=java.io.WinNTFileSystem.resolve(Ljava/lang/String;Ljava/lang/String;)Ljava/lang/String; @ 49
Event: 7.669 Thread 0x00000000177b5800 Uncommon trap: reason=unstable_if action=reinterpret pc=0x000000000345bb84 method=java.util.HashMap.getNode(ILjava/lang/Object;)Ljava/util/HashMap$Node; @ 129

Classes redefined (0 events):
No events

Internal exceptions (10 events):
Event: 6.994 Thread 0x00000000177b5800 Exception <a 'java/lang/ClassNotFoundException': groovy/lang/Closure$1Customizer> (0x00000000f8254838) thrown at [D:\src\AOSP-openjdk-cygwin\jdk8u\hotspot\src\share\vm\classfile\systemDictionary.cpp, line 210]
Event: 7.069 Thread 0x00000000177b5800 Exception <a 'java/lang/ClassNotFoundException': org/gradle/internal/metaobject/ConfigureDelegateBeanInfo> (0x00000000f87766a8) thrown at [D:\src\AOSP-openjdk-cygwin\jdk8u\hotspot\src\share\vm\classfile\systemDictionary.cpp, line 210]
Event: 7.070 Thread 0x00000000177b5800 Exception <a 'java/lang/ClassNotFoundException': org/gradle/internal/metaobject/ConfigureDelegateCustomizer> (0x00000000f879f4e8) thrown at [D:\src\AOSP-openjdk-cygwin\jdk8u\hotspot\src\share\vm\classfile\systemDictionary.cpp, line 210]
Event: 7.075 Thread 0x00000000177b5800 Exception <a 'java/lang/ClassNotFoundException': org/gradle/api/internal/initialization/DefaultScriptHandlerBeanInfo> (0x00000000f8824128) thrown at [D:\src\AOSP-openjdk-cygwin\jdk8u\hotspot\src\share\vm\classfile\systemDictionary.cpp, line 210]
Event: 7.076 Thread 0x00000000177b5800 Exception <a 'java/lang/ClassNotFoundException': org/gradle/api/internal/initialization/DefaultScriptHandlerCustomizer> (0x00000000f88545b8) thrown at [D:\src\AOSP-openjdk-cygwin\jdk8u\hotspot\src\share\vm\classfile\systemDictionary.cpp, line 210]
Event: 7.122 Thread 0x00000000177b5800 Implicit null exception at 0x0000000003684b55 to 0x0000000003684d51
Event: 7.607 Thread 0x00000000177b5800 Exception <a 'java/lang/ClassNotFoundException': org/gradle/api/internal/artifacts/dsl/dependencies/DefaultDependencyHandler_DecoratedBeanInfo> (0x00000000f7025f58) thrown at [D:\src\AOSP-openjdk-cygwin\jdk8u\hotspot\src\share\vm\classfile\systemDictionar
Event: 7.608 Thread 0x00000000177b5800 Exception <a 'java/lang/ClassNotFoundException': org/gradle/api/internal/artifacts/dsl/dependencies/DefaultDependencyHandlerBeanInfo> (0x00000000f70757c8) thrown at [D:\src\AOSP-openjdk-cygwin\jdk8u\hotspot\src\share\vm\classfile\systemDictionary.cpp, lin
Event: 7.611 Thread 0x00000000177b5800 Exception <a 'java/lang/ClassNotFoundException': org/gradle/api/internal/artifacts/dsl/dependencies/DefaultDependencyHandlerCustomizer> (0x00000000f70c5c58) thrown at [D:\src\AOSP-openjdk-cygwin\jdk8u\hotspot\src\share\vm\classfile\systemDictionary.cpp, l
Event: 7.614 Thread 0x00000000177b5800 Exception <a 'java/lang/ClassNotFoundException': org/gradle/api/internal/artifacts/dsl/dependencies/DefaultDependencyHandler_DecoratedCustomizer> (0x00000000f7149ac0) thrown at [D:\src\AOSP-openjdk-cygwin\jdk8u\hotspot\src\share\vm\classfile\systemDiction

Events (10 events):
Event: 7.832 loading class org/gradle/api/internal/artifacts/ivyservice/resolveengine/graph/DependencyGraphComponent
Event: 7.832 loading class org/gradle/api/internal/artifacts/ivyservice/resolveengine/graph/DependencyGraphComponent done
Event: 7.833 loading class org/gradle/api/internal/artifacts/ivyservice/resolveengine/graph/ResolvedVariantDetails
Event: 7.833 loading class org/gradle/api/internal/artifacts/ivyservice/resolveengine/graph/ResolvedVariantDetails done
Event: 7.834 loading class org/gradle/api/internal/artifacts/ivyservice/resolveengine/graph/builder/ComponentState$ComponentSelectionState
Event: 7.834 loading class org/gradle/api/internal/artifacts/ivyservice/resolveengine/graph/builder/ComponentState$ComponentSelectionState done
Event: 7.834 loading class org/gradle/api/internal/artifacts/ivyservice/resolveengine/graph/builder/DependencyGraphBuilder$VisitState
Event: 7.834 loading class org/gradle/api/internal/artifacts/ivyservice/resolveengine/graph/builder/DependencyGraphBuilder$VisitState done
Event: 7.835 loading class org/gradle/internal/component/external/model/ImmutableCapability
Event: 7.835 loading class org/gradle/internal/component/external/model/ImmutableCapability done


Dynamic libraries:
0x00007ff6ae790000 - 0x00007ff6ae7c1000 	C:\Program Files\Android\Android Studio\jre\bin\java.exe
0x00007ffc4b2e0000 - 0x00007ffc4b4d0000 	C:\Windows\SYSTEM32\ntdll.dll
0x00007ffc49a50000 - 0x00007ffc49b02000 	C:\Windows\System32\KERNEL32.DLL
0x00007ffc49060000 - 0x00007ffc49303000 	C:\Windows\System32\KERNELBASE.dll
0x00007ffc44b50000 - 0x00007ffc44bdf000 	C:\Windows\SYSTEM32\apphelp.dll
0x00007ffc4a5b0000 - 0x00007ffc4a653000 	C:\Windows\System32\ADVAPI32.dll
0x00007ffc4a660000 - 0x00007ffc4a6fe000 	C:\Windows\System32\msvcrt.dll
0x00007ffc4a360000 - 0x00007ffc4a3f7000 	C:\Windows\System32\sechost.dll
0x00007ffc493f0000 - 0x00007ffc49510000 	C:\Windows\System32\RPCRT4.dll
0x00007ffc49ff0000 - 0x00007ffc4a184000 	C:\Windows\System32\USER32.dll
0x00007ffc48e10000 - 0x00007ffc48e31000 	C:\Windows\System32\win32u.dll
0x00007ffc49510000 - 0x00007ffc49536000 	C:\Windows\System32\GDI32.dll
0x00007ffc48b10000 - 0x00007ffc48ca4000 	C:\Windows\System32\gdi32full.dll
0x00007ffc48f90000 - 0x00007ffc4902e000 	C:\Windows\System32\msvcp_win.dll
0x00007ffc48cb0000 - 0x00007ffc48daa000 	C:\Windows\System32\ucrtbase.dll
0x00007ffc476c0000 - 0x00007ffc47945000 	C:\Windows\WinSxS\amd64_microsoft.windows.common-controls_6595b64144ccf1df_6.0.18362.476_none_e6c4b11b130f2595\COMCTL32.dll
0x00007ffc49c30000 - 0x00007ffc49f66000 	C:\Windows\System32\combase.dll
0x00007ffc49310000 - 0x00007ffc49390000 	C:\Windows\System32\bcryptPrimitives.dll
0x00007ffc49a20000 - 0x00007ffc49a4e000 	C:\Windows\System32\IMM32.DLL
0x0000000057550000 - 0x0000000057622000 	C:\Program Files\Android\Android Studio\jre\jre\bin\msvcr100.dll
0x00000000580a0000 - 0x00000000588e6000 	C:\Program Files\Android\Android Studio\jre\jre\bin\server\jvm.dll
0x00007ffc499b0000 - 0x00007ffc499b8000 	C:\Windows\System32\PSAPI.DLL
0x00007ffc46640000 - 0x00007ffc46649000 	C:\Windows\SYSTEM32\WSOCK32.dll
0x00007ffc49b10000 - 0x00007ffc49b7f000 	C:\Windows\System32\WS2_32.dll
0x00007ffc43670000 - 0x00007ffc43694000 	C:\Windows\SYSTEM32\WINMM.dll
0x00007ffc43640000 - 0x00007ffc4366d000 	C:\Windows\SYSTEM32\WINMMBASE.dll
0x00007ffc48270000 - 0x00007ffc482ba000 	C:\Windows\System32\cfgmgr32.dll
0x00007ffc44db0000 - 0x00007ffc44dba000 	C:\Windows\SYSTEM32\VERSION.dll
0x00007ffc375a0000 - 0x00007ffc375af000 	C:\Program Files\Android\Android Studio\jre\jre\bin\verify.dll
0x00007ffc25be0000 - 0x00007ffc25c09000 	C:\Program Files\Android\Android Studio\jre\jre\bin\java.dll
0x00007ffc2f910000 - 0x00007ffc2f926000 	C:\Program Files\Android\Android Studio\jre\jre\bin\zip.dll
0x00007ffc4abb0000 - 0x00007ffc4b295000 	C:\Windows\System32\SHELL32.dll
0x00007ffc49b80000 - 0x00007ffc49c29000 	C:\Windows\System32\shcore.dll
0x00007ffc482e0000 - 0x00007ffc48a5e000 	C:\Windows\System32\windows.storage.dll
0x00007ffc48250000 - 0x00007ffc4826f000 	C:\Windows\System32\profapi.dll
0x00007ffc48200000 - 0x00007ffc4824a000 	C:\Windows\System32\powrprof.dll
0x00007ffc481b0000 - 0x00007ffc481c0000 	C:\Windows\System32\UMPDC.dll
0x00007ffc49390000 - 0x00007ffc493e2000 	C:\Windows\System32\shlwapi.dll
0x00007ffc481c0000 - 0x00007ffc481d1000 	C:\Windows\System32\kernel.appcore.dll
0x00007ffc482c0000 - 0x00007ffc482d7000 	C:\Windows\System32\cryptsp.dll
0x00007ffc2f7d0000 - 0x00007ffc2f7ea000 	C:\Program Files\Android\Android Studio\jre\jre\bin\net.dll
0x00007ffc473a0000 - 0x00007ffc47407000 	C:\Windows\system32\mswsock.dll
0x00007ffc2f220000 - 0x00007ffc2f231000 	C:\Program Files\Android\Android Studio\jre\jre\bin\nio.dll
0x00007ffc1a4d0000 - 0x00007ffc1a4f6000 	C:\Users\kiera\.gradle\native\29\windows-amd64\native-platform.dll
0x00007ffc32b50000 - 0x00007ffc32b5d000 	C:\Program Files\Android\Android Studio\jre\jre\bin\management.dll
0x00007ffc46f10000 - 0x00007ffc46f43000 	C:\Windows\system32\rsaenh.dll
0x00007ffc49030000 - 0x00007ffc49056000 	C:\Windows\System32\bcrypt.dll
0x00007ffc480d0000 - 0x00007ffc480f5000 	C:\Windows\SYSTEM32\USERENV.dll
0x00007ffc47570000 - 0x00007ffc4757c000 	C:\Windows\SYSTEM32\CRYPTBASE.dll
0x00007ffc470b0000 - 0x00007ffc470ea000 	C:\Windows\SYSTEM32\IPHLPAPI.DLL
0x00007ffc4aaf0000 - 0x00007ffc4aaf8000 	C:\Windows\System32\NSI.dll
0x00007ffc3ea30000 - 0x00007ffc3ea46000 	C:\Windows\SYSTEM32\dhcpcsvc6.DLL
0x00007ffc3f440000 - 0x00007ffc3f45c000 	C:\Windows\SYSTEM32\dhcpcsvc.DLL
0x00007ffc470f0000 - 0x00007ffc471ba000 	C:\Windows\SYSTEM32\DNSAPI.dll

VM Arguments:
jvm_args: -XX:MaxMetaspaceSize=256m -XX:+HeapDumpOnOutOfMemoryError -Xms256m -Xmx512m -Dfile.encoding=windows-1252 -Duser.country=US -Duser.language=en -Duser.variant 
java_command: org.gradle.launcher.daemon.bootstrap.GradleDaemon 5.4.1
java_class_path (initial): C:\Users\kiera\.gradle\wrapper\dists\gradle-5.4.1-all\3221gyojl5jsh0helicew7rwx\gradle-5.4.1\lib\gradle-launcher-5.4.1.jar
Launcher Type: SUN_STANDARD

Environment Variables:
JAVA_HOME=C:\Program Files\Java\jdk-10.0.2
PATH=C:\Program Files (x86)\Common Files\Oracle\Java\javapath;C:\Program Files\Java\jdk-10.0.2\bin;C:\Windows\system32;C:\Windows;C:\Windows\System32\Wbem;C:\Windows\System32\WindowsPowerShell\v1.0\;C:\Windows\System32\OpenSSH\;C:\Program Files\Git\cmd;C:\Program Files (x86)\IVI Foundation\VISA\WinNT\Bin;C:\Users\kiera\AppData\Local\Android\Sdk\platform-tools;C:\Program Files\PuTTY\;C:\Users\kiera\AppData\Local\Microsoft\WindowsApps;C:\Users\kiera\AppData\Local\GitHubDesktop\bin
USERNAME=kiera
OS=Windows_NT
PROCESSOR_IDENTIFIER=Intel64 Family 6 Model 78 Stepping 3, GenuineIntel



---------------  S Y S T E M  ---------------

OS: Windows 10.0 , 64 bit Build 18362 (10.0.18362.329)

CPU:total 4 (initial active 4) (2 cores per cpu, 2 threads per core) family 6 model 78 stepping 3, cmov, cx8, fxsr, mmx, sse, sse2, sse3, ssse3, sse4.1, sse4.2, popcnt, avx, avx2, aes, clmul, erms, 3dnowpref, lzcnt, ht, tsc, tscinvbit, bmi1, bmi2, adx

Memory: 4k page, physical 6126432k(592560k free), swap 25000800k(5236k free)

vm_info: OpenJDK 64-Bit Server VM (25.202-b03) for windows-amd64 JRE (1.8.0_202-release-1483-b03), built by "builder" with MS VC++ 10.0 (VS2010)

time: Wed Jan 01 21:31:08 2020
timezone: Eastern Standard Time
elapsed time: 7 seconds (0d 0h 0m 7s)

