#
# There is insufficient memory for the Java Runtime Environment to continue.
# Native memory allocation (malloc) failed to allocate 490128 bytes for Chunk::new
# Possible reasons:
#   The system is out of physical RAM or swap space
#   The process is running with CompressedOops enabled, and the Java Heap may be blocking the growth of the native heap
# Possible solutions:
#   Reduce memory load on the system
#   Increase physical memory or swap space
#   Check if swap backing store is full
#   Decrease Java heap size (-Xmx/-Xms)
#   Decrease number of Java threads
#   Decrease Java thread stack sizes (-Xss)
#   Set larger code cache with -XX:ReservedCodeCacheSize=
#   JVM is running with Unscaled Compressed Oops mode in which the Java heap is
#     placed in the first 4GB address space. The Java Heap base address is the
#     maximum limit for the native heap growth. Please use -XX:HeapBaseMinAddress
#     to set the Java Heap base and to place the Java Heap above 4GB virtual address.
# This output file may be truncated or incomplete.
#
#  Out of Memory Error (allocation.cpp:389), pid=10808, tid=0x0000000000002b14
#
# JRE version: OpenJDK Runtime Environment (8.0_202-b03) (build 1.8.0_202-release-1483-b03)
# Java VM: OpenJDK 64-Bit Server VM (25.202-b03 mixed mode windows-amd64 compressed oops)
# Failed to write core dump. Minidumps are not enabled by default on client versions of Windows
#

---------------  T H R E A D  ---------------

Current thread (0x0000000013e39000):  JavaThread "C2 CompilerThread0" daemon [_thread_in_native, id=11028, stack(0x00000000154a0000,0x00000000155a0000)]

Stack: [0x00000000154a0000,0x00000000155a0000]
[error occurred during error reporting (printing stack bounds), id 0xc0000005]

Native frames: (J=compiled Java code, j=interpreted, Vv=VM code, C=native code)


Current CompileTask:
C2:   4304 1455   !   4       java.net.URLClassLoader$1::run (63 bytes)


---------------  P R O C E S S  ---------------

Java Threads: ( => current thread )
  0x000000001742a000 JavaThread "Cache worker for journal cache (C:\Users\kiera\.gradle\caches\journal-1)" [_thread_blocked, id=14228, stack(0x00000000189f0000,0x0000000018af0000)]
  0x0000000017427800 JavaThread "File lock request listener" [_thread_in_native, id=23852, stack(0x00000000188f0000,0x00000000189f0000)]
  0x000000001742c000 JavaThread "Cache worker for file hash cache (C:\Users\kiera\.gradle\caches\5.4.1\fileHashes)" [_thread_blocked, id=27448, stack(0x00000000187f0000,0x00000000188f0000)]
  0x0000000017196000 JavaThread "Thread-9" [_thread_blocked, id=12252, stack(0x00000000186f0000,0x00000000187f0000)]
  0x0000000017194800 JavaThread "Stdin handler" [_thread_blocked, id=3824, stack(0x00000000185f0000,0x00000000186f0000)]
  0x0000000017192000 JavaThread "Asynchronous log dispatcher for DefaultDaemonConnection: socket connection from /127.0.0.1:49304 to /127.0.0.1:49305" [_thread_blocked, id=26516, stack(0x00000000184f0000,0x00000000185f0000)]
  0x00000000171a7000 JavaThread "Daemon worker" [_thread_in_vm, id=11628, stack(0x00000000183f0000,0x00000000184f0000)]
  0x00000000171a6000 JavaThread "Cancel handler" [_thread_blocked, id=26540, stack(0x00000000182f0000,0x00000000183f0000)]
  0x0000000017168800 JavaThread "Handler for socket connection from /127.0.0.1:49304 to /127.0.0.1:49305" [_thread_in_native, id=232, stack(0x0000000017ff0000,0x00000000180f0000)]
  0x0000000017165800 JavaThread "Daemon" [_thread_blocked, id=2740, stack(0x0000000017ef0000,0x0000000017ff0000)]
  0x00000000170bc800 JavaThread "Daemon periodic checks" [_thread_blocked, id=27652, stack(0x0000000017df0000,0x0000000017ef0000)]
  0x00000000170c4000 JavaThread "Incoming local TCP Connector on port 49304" [_thread_in_native, id=416, stack(0x0000000017bb0000,0x0000000017cb0000)]
  0x0000000016ef1800 JavaThread "Daemon health stats" [_thread_blocked, id=6568, stack(0x0000000017570000,0x0000000017670000)]
  0x00000000157c8800 JavaThread "Service Thread" daemon [_thread_blocked, id=12608, stack(0x0000000015ba0000,0x0000000015ca0000)]
  0x0000000013e4b000 JavaThread "C1 CompilerThread2" daemon [_thread_blocked, id=13520, stack(0x00000000156a0000,0x00000000157a0000)]
  0x0000000013e43000 JavaThread "C2 CompilerThread1" daemon [_thread_in_native, id=18536, stack(0x00000000155a0000,0x00000000156a0000)]
=>0x0000000013e39000 JavaThread "C2 CompilerThread0" daemon [_thread_in_native, id=11028, stack(0x00000000154a0000,0x00000000155a0000)]
  0x0000000013e47000 JavaThread "Attach Listener" daemon [_thread_blocked, id=21440, stack(0x00000000153a0000,0x00000000154a0000)]
  0x0000000013e45800 JavaThread "Signal Dispatcher" daemon [_thread_blocked, id=27248, stack(0x00000000152a0000,0x00000000153a0000)]
  0x000000000299c000 JavaThread "Finalizer" daemon [_thread_blocked, id=25232, stack(0x00000000150a0000,0x00000000151a0000)]
  0x0000000013e29000 JavaThread "Reference Handler" daemon [_thread_blocked, id=21196, stack(0x0000000014fa0000,0x00000000150a0000)]
  0x0000000002a1e000 JavaThread "main" [_thread_blocked, id=23944, stack(0x0000000002760000,0x0000000002860000)]

Other Threads:
  0x0000000013e07800 VMThread [stack: 0x0000000014ea0000,0x0000000014fa0000] [id=15588]
  0x0000000013e9d800 WatcherThread [stack: 0x0000000015ca0000,0x0000000015da0000] [id=24680]

VM state:not at safepoint (normal execution)

VM Mutex/Monitor currently owned by a thread: None

heap address: 0x00000000e0000000, size: 512 MB, Compressed Oops mode: 32-bit
Narrow klass base: 0x0000000000000000, Narrow klass shift: 3
Compressed class space size: 1073741824 Address: 0x0000000100000000

Heap:
 PSYoungGen      total 76288K, used 17626K [0x00000000f5580000, 0x00000000faa80000, 0x0000000100000000)
  eden space 65536K, 11% used [0x00000000f5580000,0x00000000f5cd0798,0x00000000f9580000)
  from space 10752K, 94% used [0x00000000fa000000,0x00000000fa9e63f8,0x00000000faa80000)
  to   space 10752K, 0% used [0x00000000f9580000,0x00000000f9580000,0x00000000fa000000)
 ParOldGen       total 175104K, used 18K [0x00000000e0000000, 0x00000000eab00000, 0x00000000f5580000)
  object space 175104K, 0% used [0x00000000e0000000,0x00000000e0004a28,0x00000000eab00000)
 Metaspace       used 16072K, capacity 16496K, committed 16640K, reserved 1062912K
  class space    used 2291K, capacity 2456K, committed 2560K, reserved 1048576K

Card table byte_map: [0x0000000011de0000,0x0000000011ef0000] byte_map_base: 0x00000000116e0000

Marking Bits: (ParMarkBitMap*) 0x0000000058869f30
 Begin Bits: [0x00000000123a0000, 0x0000000012ba0000)
 End Bits:   [0x0000000012ba0000, 0x00000000133a0000)

Polling page: 0x0000000000a10000

CodeCache: size=245760Kb used=5185Kb max_used=5185Kb free=240574Kb
 bounds [0x0000000002a20000, 0x0000000002f40000, 0x0000000011a20000]
 total_blobs=1914 nmethods=1523 adapters=304
 compilation: enabled

Compilation events (10 events):
Event: 4.268 Thread 0x0000000013e4b000 1525       3       sun.misc.ProxyGenerator::codeLocalLoadStore (90 bytes)
Event: 4.269 Thread 0x0000000013e4b000 nmethod 1525 0x0000000002f2e410 code [0x0000000002f2e660, 0x0000000002f2f788]
Event: 4.270 Thread 0x0000000013e4b000 1526       3       java.lang.Class::forName (53 bytes)
Event: 4.270 Thread 0x0000000013e4b000 nmethod 1526 0x0000000002f2fe10 code [0x0000000002f2ffc0, 0x0000000002f30668]
Event: 4.272 Thread 0x0000000013e4b000 1527       3       sun.misc.ProxyGenerator$ConstantPool::getMethodRef (33 bytes)
Event: 4.274 Thread 0x0000000013e4b000 nmethod 1527 0x0000000002f30890 code [0x0000000002f30b20, 0x0000000002f318c8]
Event: 4.274 Thread 0x0000000013e4b000 1528       3       sun.misc.ProxyGenerator::access$900 (5 bytes)
Event: 4.274 Thread 0x0000000013e4b000 nmethod 1528 0x0000000002f323d0 code [0x0000000002f32540, 0x0000000002f327a8]
Event: 4.276 Thread 0x0000000013e4b000 1529       1       com.google.common.collect.RegularImmutableList::size (5 bytes)
Event: 4.276 Thread 0x0000000013e4b000 nmethod 1529 0x0000000002f32890 code [0x0000000002f329e0, 0x0000000002f32af0]

GC Heap History (4 events):
Event: 1.704 GC heap before
{Heap before GC invocations=1 (full 0):
 PSYoungGen      total 76288K, used 65536K [0x00000000f5580000, 0x00000000faa80000, 0x0000000100000000)
  eden space 65536K, 100% used [0x00000000f5580000,0x00000000f9580000,0x00000000f9580000)
  from space 10752K, 0% used [0x00000000fa000000,0x00000000fa000000,0x00000000faa80000)
  to   space 10752K, 0% used [0x00000000f9580000,0x00000000f9580000,0x00000000fa000000)
 ParOldGen       total 175104K, used 0K [0x00000000e0000000, 0x00000000eab00000, 0x00000000f5580000)
  object space 175104K, 0% used [0x00000000e0000000,0x00000000e0000018,0x00000000eab00000)
 Metaspace       used 8559K, capacity 8810K, committed 8960K, reserved 1056768K
  class space    used 1100K, capacity 1173K, committed 1280K, reserved 1048576K
Event: 1.719 GC heap after
Heap after GC invocations=1 (full 0):
 PSYoungGen      total 76288K, used 6536K [0x00000000f5580000, 0x00000000faa80000, 0x0000000100000000)
  eden space 65536K, 0% used [0x00000000f5580000,0x00000000f5580000,0x00000000f9580000)
  from space 10752K, 60% used [0x00000000f9580000,0x00000000f9be23c8,0x00000000fa000000)
  to   space 10752K, 0% used [0x00000000fa000000,0x00000000fa000000,0x00000000faa80000)
 ParOldGen       total 175104K, used 8K [0x00000000e0000000, 0x00000000eab00000, 0x00000000f5580000)
  object space 175104K, 0% used [0x00000000e0000000,0x00000000e0002018,0x00000000eab00000)
 Metaspace       used 8559K, capacity 8810K, committed 8960K, reserved 1056768K
  class space    used 1100K, capacity 1173K, committed 1280K, reserved 1048576K
}
Event: 4.057 GC heap before
{Heap before GC invocations=2 (full 0):
 PSYoungGen      total 76288K, used 72072K [0x00000000f5580000, 0x00000000faa80000, 0x0000000100000000)
  eden space 65536K, 100% used [0x00000000f5580000,0x00000000f9580000,0x00000000f9580000)
  from space 10752K, 60% used [0x00000000f9580000,0x00000000f9be23c8,0x00000000fa000000)
  to   space 10752K, 0% used [0x00000000fa000000,0x00000000fa000000,0x00000000faa80000)
 ParOldGen       total 175104K, used 10K [0x00000000e0000000, 0x00000000eab00000, 0x00000000f5580000)
  object space 175104K, 0% used [0x00000000e0000000,0x00000000e0002a28,0x00000000eab00000)
 Metaspace       used 15408K, capacity 15792K, committed 16000K, reserved 1062912K
  class space    used 2189K, capacity 2328K, committed 2432K, reserved 1048576K
Event: 4.081 GC heap after
Heap after GC invocations=2 (full 0):
 PSYoungGen      total 76288K, used 10136K [0x00000000f5580000, 0x00000000faa80000, 0x0000000100000000)
  eden space 65536K, 0% used [0x00000000f5580000,0x00000000f5580000,0x00000000f9580000)
  from space 10752K, 94% used [0x00000000fa000000,0x00000000fa9e63f8,0x00000000faa80000)
  to   space 10752K, 0% used [0x00000000f9580000,0x00000000f9580000,0x00000000fa000000)
 ParOldGen       total 175104K, used 18K [0x00000000e0000000, 0x00000000eab00000, 0x00000000f5580000)
  object space 175104K, 0% used [0x00000000e0000000,0x00000000e0004a28,0x00000000eab00000)
 Metaspace       used 15408K, capacity 15792K, committed 16000K, reserved 1062912K
  class space    used 2189K, capacity 2328K, committed 2432K, reserved 1048576K
}

Deoptimization events (10 events):
Event: 3.181 Thread 0x0000000017168800 Uncommon trap: reason=unstable_if action=reinterpret pc=0x0000000002de1530 method=java.util.concurrent.ConcurrentHashMap.putVal(Ljava/lang/Object;Ljava/lang/Object;Z)Ljava/lang/Object; @ 206
Event: 3.248 Thread 0x00000000171a7000 Uncommon trap: reason=bimorphic action=maybe_recompile pc=0x0000000002cbd8f8 method=java.util.HashMap.putVal(ILjava/lang/Object;Ljava/lang/Object;ZZ)Ljava/lang/Object; @ 253
Event: 3.248 Thread 0x00000000171a7000 Uncommon trap: reason=bimorphic action=maybe_recompile pc=0x0000000002cbd8f8 method=java.util.HashMap.putVal(ILjava/lang/Object;Ljava/lang/Object;ZZ)Ljava/lang/Object; @ 253
Event: 3.248 Thread 0x00000000171a7000 Uncommon trap: reason=bimorphic action=maybe_recompile pc=0x0000000002cbd8f8 method=java.util.HashMap.putVal(ILjava/lang/Object;Ljava/lang/Object;ZZ)Ljava/lang/Object; @ 253
Event: 3.248 Thread 0x00000000171a7000 Uncommon trap: reason=bimorphic action=maybe_recompile pc=0x0000000002cbd8f8 method=java.util.HashMap.putVal(ILjava/lang/Object;Ljava/lang/Object;ZZ)Ljava/lang/Object; @ 253
Event: 3.505 Thread 0x00000000171a7000 Uncommon trap: reason=class_check action=maybe_recompile pc=0x0000000002cf7498 method=java.util.regex.Matcher.match(II)Z @ 86
Event: 3.519 Thread 0x00000000171a7000 Uncommon trap: reason=class_check action=maybe_recompile pc=0x0000000002cf7498 method=java.util.regex.Matcher.match(II)Z @ 86
Event: 3.519 Thread 0x00000000171a7000 Uncommon trap: reason=class_check action=maybe_recompile pc=0x0000000002cf7498 method=java.util.regex.Matcher.match(II)Z @ 86
Event: 3.520 Thread 0x00000000171a7000 Uncommon trap: reason=class_check action=maybe_recompile pc=0x0000000002cac89c method=java.util.regex.Matcher.match(II)Z @ 86
Event: 3.988 Thread 0x00000000171a7000 Uncommon trap: reason=unstable_if action=reinterpret pc=0x0000000002dd7e74 method=java.lang.String.lastIndexOf([CII[CIII)I @ 66

Classes redefined (0 events):
No events

Internal exceptions (10 events):
Event: 3.186 Thread 0x0000000017168800 Exception <a 'java/lang/NoSuchMethodError': <clinit>> (0x00000000f642f178) thrown at [D:\src\AOSP-openjdk-cygwin\jdk8u\hotspot\src\share\vm\prims\jni.cpp, line 1614]
Event: 3.188 Thread 0x0000000017168800 Exception <a 'java/lang/NoSuchMethodError': <clinit>> (0x00000000f6442338) thrown at [D:\src\AOSP-openjdk-cygwin\jdk8u\hotspot\src\share\vm\prims\jni.cpp, line 1614]
Event: 3.191 Thread 0x0000000017168800 Exception <a 'java/lang/NoSuchMethodError': <clinit>> (0x00000000f6469728) thrown at [D:\src\AOSP-openjdk-cygwin\jdk8u\hotspot\src\share\vm\prims\jni.cpp, line 1614]
Event: 3.194 Thread 0x0000000017168800 Exception <a 'java/lang/NoSuchMethodError': <clinit>> (0x00000000f6481770) thrown at [D:\src\AOSP-openjdk-cygwin\jdk8u\hotspot\src\share\vm\prims\jni.cpp, line 1614]
Event: 3.194 Thread 0x0000000017168800 Exception <a 'java/lang/NoSuchMethodError': <clinit>> (0x00000000f648a400) thrown at [D:\src\AOSP-openjdk-cygwin\jdk8u\hotspot\src\share\vm\prims\jni.cpp, line 1614]
Event: 3.197 Thread 0x0000000017168800 Exception <a 'java/lang/NoSuchMethodError': <clinit>> (0x00000000f64a0bf0) thrown at [D:\src\AOSP-openjdk-cygwin\jdk8u\hotspot\src\share\vm\prims\jni.cpp, line 1614]
Event: 3.205 Thread 0x0000000017168800 Exception <a 'java/lang/NoSuchMethodError': <clinit>> (0x00000000f6501468) thrown at [D:\src\AOSP-openjdk-cygwin\jdk8u\hotspot\src\share\vm\prims\jni.cpp, line 1614]
Event: 3.210 Thread 0x0000000017168800 Exception <a 'java/lang/NoSuchMethodError': <clinit>> (0x00000000f652e218) thrown at [D:\src\AOSP-openjdk-cygwin\jdk8u\hotspot\src\share\vm\prims\jni.cpp, line 1614]
Event: 3.222 Thread 0x0000000017168800 Exception <a 'java/lang/NoSuchMethodError': <clinit>> (0x00000000f655c708) thrown at [D:\src\AOSP-openjdk-cygwin\jdk8u\hotspot\src\share\vm\prims\jni.cpp, line 1614]
Event: 3.223 Thread 0x0000000017168800 Exception <a 'java/lang/NoSuchMethodError': <clinit>> (0x00000000f6567a08) thrown at [D:\src\AOSP-openjdk-cygwin\jdk8u\hotspot\src\share\vm\prims\jni.cpp, line 1614]

Events (10 events):
Event: 4.299 loading class org/gradle/api/plugins/Convention done
Event: 4.299 loading class org/gradle/api/plugins/ExtensionContainer
Event: 4.299 loading class org/gradle/api/plugins/ExtensionContainer done
Event: 4.300 loading class org/gradle/internal/metaobject/AbstractDynamicObject
Event: 4.300 loading class org/gradle/internal/metaobject/AbstractDynamicObject done
Event: 4.300 loading class org/gradle/internal/instantiation/MixInExtensibleDynamicObject
Event: 4.301 loading class org/gradle/internal/instantiation/MixInExtensibleDynamicObject done
Event: 4.301 loading class org/gradle/internal/extensibility/ExtensibleDynamicObject
Event: 4.301 loading class org/gradle/internal/extensibility/ExtensibleDynamicObject done
Event: 4.303 loading class org/gradle/internal/extensibility/MixInClosurePropertiesAsMethodsDynamicObject


Dynamic libraries:
0x00007ff6ae790000 - 0x00007ff6ae7c1000 	C:\Program Files\Android\Android Studio\jre\bin\java.exe
0x00007ffc4b2e0000 - 0x00007ffc4b4d0000 	C:\Windows\SYSTEM32\ntdll.dll
0x00007ffc49a50000 - 0x00007ffc49b02000 	C:\Windows\System32\KERNEL32.DLL
0x00007ffc49060000 - 0x00007ffc49303000 	C:\Windows\System32\KERNELBASE.dll
0x00007ffc4a5b0000 - 0x00007ffc4a653000 	C:\Windows\System32\ADVAPI32.dll
0x00007ffc4a660000 - 0x00007ffc4a6fe000 	C:\Windows\System32\msvcrt.dll
0x00007ffc4a360000 - 0x00007ffc4a3f7000 	C:\Windows\System32\sechost.dll
0x00007ffc493f0000 - 0x00007ffc49510000 	C:\Windows\System32\RPCRT4.dll
0x00007ffc49ff0000 - 0x00007ffc4a184000 	C:\Windows\System32\USER32.dll
0x00007ffc48e10000 - 0x00007ffc48e31000 	C:\Windows\System32\win32u.dll
0x00007ffc49510000 - 0x00007ffc49536000 	C:\Windows\System32\GDI32.dll
0x00007ffc48b10000 - 0x00007ffc48ca4000 	C:\Windows\System32\gdi32full.dll
0x00007ffc48f90000 - 0x00007ffc4902e000 	C:\Windows\System32\msvcp_win.dll
0x00007ffc48cb0000 - 0x00007ffc48daa000 	C:\Windows\System32\ucrtbase.dll
0x00007ffc476c0000 - 0x00007ffc47945000 	C:\Windows\WinSxS\amd64_microsoft.windows.common-controls_6595b64144ccf1df_6.0.18362.476_none_e6c4b11b130f2595\COMCTL32.dll
0x00007ffc49c30000 - 0x00007ffc49f66000 	C:\Windows\System32\combase.dll
0x00007ffc49310000 - 0x00007ffc49390000 	C:\Windows\System32\bcryptPrimitives.dll
0x00007ffc49a20000 - 0x00007ffc49a4e000 	C:\Windows\System32\IMM32.DLL
0x0000000057550000 - 0x0000000057622000 	C:\Program Files\Android\Android Studio\jre\jre\bin\msvcr100.dll
0x00000000580a0000 - 0x00000000588e6000 	C:\Program Files\Android\Android Studio\jre\jre\bin\server\jvm.dll
0x00007ffc499b0000 - 0x00007ffc499b8000 	C:\Windows\System32\PSAPI.DLL
0x00007ffc46640000 - 0x00007ffc46649000 	C:\Windows\SYSTEM32\WSOCK32.dll
0x00007ffc43670000 - 0x00007ffc43694000 	C:\Windows\SYSTEM32\WINMM.dll
0x00007ffc49b10000 - 0x00007ffc49b7f000 	C:\Windows\System32\WS2_32.dll
0x00007ffc44db0000 - 0x00007ffc44dba000 	C:\Windows\SYSTEM32\VERSION.dll
0x00007ffc43640000 - 0x00007ffc4366d000 	C:\Windows\SYSTEM32\WINMMBASE.dll
0x00007ffc48270000 - 0x00007ffc482ba000 	C:\Windows\System32\cfgmgr32.dll
0x00007ffc375a0000 - 0x00007ffc375af000 	C:\Program Files\Android\Android Studio\jre\jre\bin\verify.dll
0x00007ffc25be0000 - 0x00007ffc25c09000 	C:\Program Files\Android\Android Studio\jre\jre\bin\java.dll
0x00007ffc2f910000 - 0x00007ffc2f926000 	C:\Program Files\Android\Android Studio\jre\jre\bin\zip.dll
0x00007ffc4abb0000 - 0x00007ffc4b295000 	C:\Windows\System32\SHELL32.dll
0x00007ffc49b80000 - 0x00007ffc49c29000 	C:\Windows\System32\shcore.dll
0x00007ffc482e0000 - 0x00007ffc48a5e000 	C:\Windows\System32\windows.storage.dll
0x00007ffc48250000 - 0x00007ffc4826f000 	C:\Windows\System32\profapi.dll
0x00007ffc48200000 - 0x00007ffc4824a000 	C:\Windows\System32\powrprof.dll
0x00007ffc481b0000 - 0x00007ffc481c0000 	C:\Windows\System32\UMPDC.dll
0x00007ffc49390000 - 0x00007ffc493e2000 	C:\Windows\System32\shlwapi.dll
0x00007ffc481c0000 - 0x00007ffc481d1000 	C:\Windows\System32\kernel.appcore.dll
0x00007ffc482c0000 - 0x00007ffc482d7000 	C:\Windows\System32\cryptsp.dll
0x00007ffc2f7d0000 - 0x00007ffc2f7ea000 	C:\Program Files\Android\Android Studio\jre\jre\bin\net.dll
0x00007ffc473a0000 - 0x00007ffc47407000 	C:\Windows\system32\mswsock.dll
0x00007ffc2f260000 - 0x00007ffc2f271000 	C:\Program Files\Android\Android Studio\jre\jre\bin\nio.dll
0x00007ffc1a4d0000 - 0x00007ffc1a4f6000 	C:\Users\kiera\.gradle\native\29\windows-amd64\native-platform.dll
0x00007ffc32b50000 - 0x00007ffc32b5d000 	C:\Program Files\Android\Android Studio\jre\jre\bin\management.dll
0x00007ffc46f10000 - 0x00007ffc46f43000 	C:\Windows\system32\rsaenh.dll
0x00007ffc49030000 - 0x00007ffc49056000 	C:\Windows\System32\bcrypt.dll
0x00007ffc480d0000 - 0x00007ffc480f5000 	C:\Windows\SYSTEM32\USERENV.dll
0x00007ffc47570000 - 0x00007ffc4757c000 	C:\Windows\SYSTEM32\CRYPTBASE.dll
0x00007ffc470b0000 - 0x00007ffc470ea000 	C:\Windows\SYSTEM32\IPHLPAPI.DLL
0x00007ffc4aaf0000 - 0x00007ffc4aaf8000 	C:\Windows\System32\NSI.dll
0x00007ffc3ea30000 - 0x00007ffc3ea46000 	C:\Windows\SYSTEM32\dhcpcsvc6.DLL
0x00007ffc3f440000 - 0x00007ffc3f45c000 	C:\Windows\SYSTEM32\dhcpcsvc.DLL
0x00007ffc470f0000 - 0x00007ffc471ba000 	C:\Windows\SYSTEM32\DNSAPI.dll

VM Arguments:
jvm_args: -XX:MaxMetaspaceSize=256m -XX:+HeapDumpOnOutOfMemoryError -Xms256m -Xmx512m -Dfile.encoding=windows-1252 -Duser.country=US -Duser.language=en -Duser.variant 
java_command: org.gradle.launcher.daemon.bootstrap.GradleDaemon 5.4.1
java_class_path (initial): C:\Users\kiera\.gradle\wrapper\dists\gradle-5.4.1-all\3221gyojl5jsh0helicew7rwx\gradle-5.4.1\lib\gradle-launcher-5.4.1.jar
Launcher Type: SUN_STANDARD

Environment Variables:
JAVA_HOME=C:\Program Files\Java\jdk-10.0.2
PATH=C:\Program Files (x86)\Common Files\Oracle\Java\javapath;C:\Program Files\Java\jdk-10.0.2\bin;C:\Windows\system32;C:\Windows;C:\Windows\System32\Wbem;C:\Windows\System32\WindowsPowerShell\v1.0\;C:\Windows\System32\OpenSSH\;C:\Program Files\Git\cmd;C:\Program Files (x86)\IVI Foundation\VISA\WinNT\Bin;C:\Users\kiera\AppData\Local\Android\Sdk\platform-tools;C:\Program Files\PuTTY\;C:\Users\kiera\AppData\Local\Microsoft\WindowsApps;C:\Users\kiera\AppData\Local\GitHubDesktop\bin
USERNAME=kiera
OS=Windows_NT
PROCESSOR_IDENTIFIER=Intel64 Family 6 Model 78 Stepping 3, GenuineIntel



---------------  S Y S T E M  ---------------

OS: Windows 10.0 , 64 bit Build 18362 (10.0.18362.329)

CPU:total 4 (initial active 4) (2 cores per cpu, 2 threads per core) family 6 model 78 stepping 3, cmov, cx8, fxsr, mmx, sse, sse2, sse3, ssse3, sse4.1, sse4.2, popcnt, avx, avx2, aes, clmul, erms, 3dnowpref, lzcnt, ht, tsc, tscinvbit, bmi1, bmi2, adx

Memory: 4k page, physical 6126432k(402788k free), swap 25000800k(5532k free)

vm_info: OpenJDK 64-Bit Server VM (25.202-b03) for windows-amd64 JRE (1.8.0_202-release-1483-b03), built by "builder" with MS VC++ 10.0 (VS2010)

time: Wed Jan 01 21:30:04 2020
timezone: Eastern Standard Time
elapsed time: 4 seconds (0d 0h 0m 4s)

