#
# There is insufficient memory for the Java Runtime Environment to continue.
# Native memory allocation (malloc) failed to allocate 32784 bytes for Chunk::new
# Possible reasons:
#   The system is out of physical RAM or swap space
#   The process is running with CompressedOops enabled, and the Java Heap may be blocking the growth of the native heap
# Possible solutions:
#   Reduce memory load on the system
#   Increase physical memory or swap space
#   Check if swap backing store is full
#   Decrease Java heap size (-Xmx/-Xms)
#   Decrease number of Java threads
#   Decrease Java thread stack sizes (-Xss)
#   Set larger code cache with -XX:ReservedCodeCacheSize=
#   JVM is running with Unscaled Compressed Oops mode in which the Java heap is
#     placed in the first 4GB address space. The Java Heap base address is the
#     maximum limit for the native heap growth. Please use -XX:HeapBaseMinAddress
#     to set the Java Heap base and to place the Java Heap above 4GB virtual address.
# This output file may be truncated or incomplete.
#
#  Out of Memory Error (allocation.cpp:389), pid=28188, tid=0x0000000000003b18
#
# JRE version: OpenJDK Runtime Environment (8.0_202-b03) (build 1.8.0_202-release-1483-b03)
# Java VM: OpenJDK 64-Bit Server VM (25.202-b03 mixed mode windows-amd64 compressed oops)
# Failed to write core dump. Minidumps are not enabled by default on client versions of Windows
#

---------------  T H R E A D  ---------------

Current thread (0x0000000013d60800):  JavaThread "C2 CompilerThread1" daemon [_thread_in_native, id=15128, stack(0x00000000154c0000,0x00000000155c0000)]

Stack: [0x00000000154c0000,0x00000000155c0000]
[error occurred during error reporting (printing stack bounds), id 0xc0000005]

Native frames: (J=compiled Java code, j=interpreted, Vv=VM code, C=native code)


Current CompileTask:
C2:  14285 5358 %     4       org.gradle.internal.instantiation.AbstractClassGenerator::inspectType @ 77 (559 bytes)


---------------  P R O C E S S  ---------------

Java Threads: ( => current thread )
  0x00000000193a0800 JavaThread "Cache worker for execution history cache (C:\Users\kiera\Documents\GitHub\SkyStone2\.gradle\5.4.1\executionHistory)" [_thread_blocked, id=18876, stack(0x0000000021350000,0x0000000021450000)]
  0x00000000193a3800 JavaThread "Execution worker for ':' Thread 3" [_thread_blocked, id=14232, stack(0x0000000021250000,0x0000000021350000)]
  0x000000001939f800 JavaThread "Execution worker for ':' Thread 2" [_thread_blocked, id=18992, stack(0x0000000021150000,0x0000000021250000)]
  0x0000000019398000 JavaThread "Execution worker for ':'" [_thread_blocked, id=23928, stack(0x00000000209b0000,0x0000000020ab0000)]
  0x000000001939a800 JavaThread "Cache worker for file content cache (C:\Users\kiera\Documents\GitHub\SkyStone2\.gradle\5.4.1\fileContent)" [_thread_blocked, id=25936, stack(0x00000000208b0000,0x00000000209b0000)]
  0x000000001939e000 JavaThread "Cache worker for file content cache (C:\Users\kiera\.gradle\caches\5.4.1\fileContent)" [_thread_blocked, id=29116, stack(0x00000000207b0000,0x00000000208b0000)]
  0x000000001939f000 JavaThread "Memory manager" [_thread_blocked, id=24748, stack(0x00000000206b0000,0x00000000207b0000)]
  0x0000000019395000 JavaThread "Cache worker for Build Output Cleanup Cache (C:\Users\kiera\Documents\GitHub\SkyStone2\.gradle\buildOutputCleanup)" [_thread_blocked, id=20796, stack(0x000000001db20000,0x000000001dc20000)]
  0x0000000019396800 JavaThread "Build operations Thread 4" [_thread_blocked, id=6444, stack(0x000000001e5e0000,0x000000001e6e0000)]
  0x0000000019399800 JavaThread "Build operations Thread 3" [_thread_blocked, id=25624, stack(0x000000001e4e0000,0x000000001e5e0000)]
  0x0000000019394000 JavaThread "Build operations Thread 2" [_thread_blocked, id=28368, stack(0x000000001e3e0000,0x000000001e4e0000)]
  0x0000000019396000 JavaThread "Build operations" [_thread_blocked, id=28872, stack(0x000000001e2e0000,0x000000001e3e0000)]
  0x0000000019399000 JavaThread "Cache worker for execution history cache (C:\Users\kiera\.gradle\caches\5.4.1\executionHistory)" [_thread_blocked, id=23176, stack(0x000000001c7c0000,0x000000001c8c0000)]
  0x000000001939b000 JavaThread "Cache worker for cache directory md-rule (C:\Users\kiera\.gradle\caches\5.4.1\md-rule)" [_thread_blocked, id=19912, stack(0x000000001c320000,0x000000001c420000)]
  0x000000001740a800 JavaThread "Cache worker for cache directory md-supplier (C:\Users\kiera\.gradle\caches\5.4.1\md-supplier)" [_thread_blocked, id=17696, stack(0x000000001bd80000,0x000000001be80000)]
  0x000000001740e000 JavaThread "Cache worker for file hash cache (C:\Users\kiera\Documents\GitHub\SkyStone2\.gradle\5.4.1\fileHashes)" [_thread_blocked, id=1744, stack(0x000000001c4c0000,0x000000001c5c0000)]
  0x000000001740d800 JavaThread "Cache worker for journal cache (C:\Users\kiera\.gradle\caches\journal-1)" [_thread_blocked, id=19420, stack(0x0000000018910000,0x0000000018a10000)]
  0x000000001740c800 JavaThread "File lock request listener" [_thread_in_native, id=17944, stack(0x0000000018810000,0x0000000018910000)]
  0x000000001740c000 JavaThread "Cache worker for file hash cache (C:\Users\kiera\.gradle\caches\5.4.1\fileHashes)" [_thread_blocked, id=9028, stack(0x0000000018710000,0x0000000018810000)]
  0x00000000171f4000 JavaThread "Thread-9" [_thread_blocked, id=21220, stack(0x0000000018610000,0x0000000018710000)]
  0x00000000171ef800 JavaThread "Stdin handler" [_thread_blocked, id=12000, stack(0x0000000018510000,0x0000000018610000)]
  0x00000000171e6800 JavaThread "Asynchronous log dispatcher for DefaultDaemonConnection: socket connection from /127.0.0.1:49353 to /127.0.0.1:49354" [_thread_blocked, id=25776, stack(0x0000000018410000,0x0000000018510000)]
  0x0000000016f7a000 JavaThread "Daemon worker" [_thread_in_vm, id=10168, stack(0x0000000018310000,0x0000000018410000)]
  0x0000000016f6b800 JavaThread "Cancel handler" [_thread_blocked, id=1984, stack(0x0000000018210000,0x0000000018310000)]
  0x0000000016f63000 JavaThread "Handler for socket connection from /127.0.0.1:49353 to /127.0.0.1:49354" [_thread_in_native, id=12448, stack(0x0000000017f10000,0x0000000018010000)]
  0x0000000016f5e800 JavaThread "Daemon" [_thread_blocked, id=6624, stack(0x0000000017e10000,0x0000000017f10000)]
  0x0000000016ce4800 JavaThread "Daemon periodic checks" [_thread_blocked, id=21068, stack(0x0000000017d10000,0x0000000017e10000)]
  0x0000000016cd3000 JavaThread "Incoming local TCP Connector on port 49353" [_thread_in_native, id=18444, stack(0x0000000017ad0000,0x0000000017bd0000)]
  0x000000001711f000 JavaThread "Daemon health stats" [_thread_blocked, id=13228, stack(0x0000000017490000,0x0000000017590000)]
  0x00000000156e1800 JavaThread "Service Thread" daemon [_thread_blocked, id=28912, stack(0x0000000015ac0000,0x0000000015bc0000)]
  0x0000000013d6a000 JavaThread "C1 CompilerThread2" daemon [_thread_blocked, id=23396, stack(0x00000000155c0000,0x00000000156c0000)]
=>0x0000000013d60800 JavaThread "C2 CompilerThread1" daemon [_thread_in_native, id=15128, stack(0x00000000154c0000,0x00000000155c0000)]
  0x0000000013d5a000 JavaThread "C2 CompilerThread0" daemon [_thread_blocked, id=17896, stack(0x00000000153c0000,0x00000000154c0000)]
  0x0000000013d68000 JavaThread "Attach Listener" daemon [_thread_blocked, id=27016, stack(0x00000000152c0000,0x00000000153c0000)]
  0x0000000013d66800 JavaThread "Signal Dispatcher" daemon [_thread_blocked, id=24436, stack(0x00000000151c0000,0x00000000152c0000)]
  0x00000000029ed000 JavaThread "Finalizer" daemon [_thread_blocked, id=21116, stack(0x0000000014fc0000,0x00000000150c0000)]
  0x0000000013d49000 JavaThread "Reference Handler" daemon [_thread_blocked, id=1532, stack(0x0000000014ec0000,0x0000000014fc0000)]
  0x00000000027ee000 JavaThread "main" [_thread_blocked, id=3520, stack(0x00000000027f0000,0x00000000028f0000)]

Other Threads:
  0x0000000013d27000 VMThread [stack: 0x0000000014dc0000,0x0000000014ec0000] [id=23064]
  0x00000000156f6800 WatcherThread [stack: 0x0000000015bc0000,0x0000000015cc0000] [id=9132]

VM state:synchronizing (normal execution)

VM Mutex/Monitor currently owned by a thread:  ([mutex/lock_event])
[0x00000000027ed240] Threads_lock - owner thread: 0x0000000013d27000
[0x00000000028f02d0] Compile_lock - owner thread: 0x0000000016f7a000

heap address: 0x00000000e0000000, size: 512 MB, Compressed Oops mode: 32-bit
Narrow klass base: 0x0000000000000000, Narrow klass shift: 3
Compressed class space size: 1073741824 Address: 0x0000000100000000

Heap:
 PSYoungGen      total 140800K, used 30771K [0x00000000f5580000, 0x00000000ff580000, 0x0000000100000000)
  eden space 124416K, 24% used [0x00000000f5580000,0x00000000f738ced0,0x00000000fcf00000)
  from space 16384K, 0% used [0x00000000fcf00000,0x00000000fcf00000,0x00000000fdf00000)
  to   space 13312K, 0% used [0x00000000fdf00000,0x00000000fdf00000,0x00000000fec00000)
 ParOldGen       total 191488K, used 32398K [0x00000000e0000000, 0x00000000ebb00000, 0x00000000f5580000)
  object space 191488K, 16% used [0x00000000e0000000,0x00000000e1fa3968,0x00000000ebb00000)
 Metaspace       used 59084K, capacity 60706K, committed 61016K, reserved 1101824K
  class space    used 8072K, capacity 8519K, committed 8576K, reserved 1048576K

Card table byte_map: [0x0000000011db0000,0x0000000011ec0000] byte_map_base: 0x00000000116b0000

Marking Bits: (ParMarkBitMap*) 0x0000000058869f30
 Begin Bits: [0x00000000122c0000, 0x0000000012ac0000)
 End Bits:   [0x0000000012ac0000, 0x00000000132c0000)

Polling page: 0x0000000000b10000

CodeCache: size=245760Kb used=17067Kb max_used=17371Kb free=228692Kb
 bounds [0x00000000029f0000, 0x0000000003b00000, 0x00000000119f0000]
 total_blobs=5970 nmethods=5181 adapters=702
 compilation: enabled

Compilation events (10 events):
Event: 14.239 Thread 0x0000000013d6a000 5728       3       java.time.temporal.ChronoField::checkValidValue (10 bytes)
Event: 14.239 Thread 0x0000000013d6a000 nmethod 5728 0x0000000003577f50 code [0x0000000003578100, 0x00000000035787f8]
Event: 14.239 Thread 0x0000000013d6a000 5729       3       java.time.temporal.ValueRange::checkValidValue (24 bytes)
Event: 14.240 Thread 0x0000000013d6a000 nmethod 5729 0x0000000003577650 code [0x00000000035777e0, 0x0000000003577d58]
Event: 14.240 Thread 0x0000000013d6a000 5725       1       java.time.zone.ZoneOffsetTransition::getOffsetAfter (5 bytes)
Event: 14.240 Thread 0x0000000013d6a000 nmethod 5725 0x00000000034526d0 code [0x0000000003452820, 0x0000000003452930]
Event: 14.240 Thread 0x0000000013d6a000 5726       1       java.time.zone.ZoneOffsetTransition::getOffsetBefore (5 bytes)
Event: 14.240 Thread 0x0000000013d6a000 nmethod 5726 0x0000000003452410 code [0x0000000003452560, 0x0000000003452670]
Event: 14.240 Thread 0x0000000013d6a000 5730       1       java.time.zone.ZoneOffsetTransition::getDateTimeBefore (5 bytes)
Event: 14.240 Thread 0x0000000013d6a000 nmethod 5730 0x0000000003577390 code [0x00000000035774e0, 0x00000000035775f0]

GC Heap History (10 events):
Event: 7.682 GC heap before
{Heap before GC invocations=8 (full 2):
 PSYoungGen      total 105472K, used 9626K [0x00000000f5580000, 0x00000000fc900000, 0x0000000100000000)
  eden space 93184K, 0% used [0x00000000f5580000,0x00000000f5580000,0x00000000fb080000)
  from space 12288K, 78% used [0x00000000fbc80000,0x00000000fc5e68c8,0x00000000fc880000)
  to   space 12288K, 0% used [0x00000000fb080000,0x00000000fb080000,0x00000000fbc80000)
 ParOldGen       total 175104K, used 11046K [0x00000000e0000000, 0x00000000eab00000, 0x00000000f5580000)
  object space 175104K, 6% used [0x00000000e0000000,0x00000000e0ac9918,0x00000000eab00000)
 Metaspace       used 34685K, capacity 35238K, committed 35416K, reserved 1079296K
  class space    used 4745K, capacity 4933K, committed 4992K, reserved 1048576K
Event: 7.768 GC heap after
Heap after GC invocations=8 (full 2):
 PSYoungGen      total 105472K, used 0K [0x00000000f5580000, 0x00000000fc900000, 0x0000000100000000)
  eden space 93184K, 0% used [0x00000000f5580000,0x00000000f5580000,0x00000000fb080000)
  from space 12288K, 0% used [0x00000000fbc80000,0x00000000fbc80000,0x00000000fc880000)
  to   space 12288K, 0% used [0x00000000fb080000,0x00000000fb080000,0x00000000fbc80000)
 ParOldGen       total 191488K, used 16898K [0x00000000e0000000, 0x00000000ebb00000, 0x00000000f5580000)
  object space 191488K, 8% used [0x00000000e0000000,0x00000000e1080b28,0x00000000ebb00000)
 Metaspace       used 34680K, capacity 35220K, committed 35416K, reserved 1079296K
  class space    used 4743K, capacity 4930K, committed 4992K, reserved 1048576K
}
Event: 9.463 GC heap before
{Heap before GC invocations=9 (full 2):
 PSYoungGen      total 105472K, used 93184K [0x00000000f5580000, 0x00000000fc900000, 0x0000000100000000)
  eden space 93184K, 100% used [0x00000000f5580000,0x00000000fb080000,0x00000000fb080000)
  from space 12288K, 0% used [0x00000000fbc80000,0x00000000fbc80000,0x00000000fc880000)
  to   space 12288K, 0% used [0x00000000fb080000,0x00000000fb080000,0x00000000fbc80000)
 ParOldGen       total 191488K, used 16898K [0x00000000e0000000, 0x00000000ebb00000, 0x00000000f5580000)
  object space 191488K, 8% used [0x00000000e0000000,0x00000000e1080b28,0x00000000ebb00000)
 Metaspace       used 44405K, capacity 45154K, committed 45656K, reserved 1089536K
  class space    used 5939K, capacity 6172K, committed 6272K, reserved 1048576K
Event: 9.489 GC heap after
Heap after GC invocations=9 (full 2):
 PSYoungGen      total 105472K, used 12271K [0x00000000f5580000, 0x00000000fec00000, 0x0000000100000000)
  eden space 93184K, 0% used [0x00000000f5580000,0x00000000f5580000,0x00000000fb080000)
  from space 12288K, 99% used [0x00000000fb080000,0x00000000fbc7bf28,0x00000000fbc80000)
  to   space 13312K, 0% used [0x00000000fdf00000,0x00000000fdf00000,0x00000000fec00000)
 ParOldGen       total 191488K, used 17129K [0x00000000e0000000, 0x00000000ebb00000, 0x00000000f5580000)
  object space 191488K, 8% used [0x00000000e0000000,0x00000000e10ba7d8,0x00000000ebb00000)
 Metaspace       used 44405K, capacity 45154K, committed 45656K, reserved 1089536K
  class space    used 5939K, capacity 6172K, committed 6272K, reserved 1048576K
}
Event: 10.879 GC heap before
{Heap before GC invocations=10 (full 2):
 PSYoungGen      total 105472K, used 105455K [0x00000000f5580000, 0x00000000fec00000, 0x0000000100000000)
  eden space 93184K, 100% used [0x00000000f5580000,0x00000000fb080000,0x00000000fb080000)
  from space 12288K, 99% used [0x00000000fb080000,0x00000000fbc7bf28,0x00000000fbc80000)
  to   space 13312K, 0% used [0x00000000fdf00000,0x00000000fdf00000,0x00000000fec00000)
 ParOldGen       total 191488K, used 17129K [0x00000000e0000000, 0x00000000ebb00000, 0x00000000f5580000)
  object space 191488K, 8% used [0x00000000e0000000,0x00000000e10ba7d8,0x00000000ebb00000)
 Metaspace       used 51844K, capacity 53014K, committed 53208K, reserved 1095680K
  class space    used 7023K, capacity 7348K, committed 7424K, reserved 1048576K
Event: 10.909 GC heap after
Heap after GC invocations=10 (full 2):
 PSYoungGen      total 137728K, used 13305K [0x00000000f5580000, 0x00000000ff580000, 0x0000000100000000)
  eden space 124416K, 0% used [0x00000000f5580000,0x00000000f5580000,0x00000000fcf00000)
  from space 13312K, 99% used [0x00000000fdf00000,0x00000000febfe468,0x00000000fec00000)
  to   space 16384K, 0% used [0x00000000fcf00000,0x00000000fcf00000,0x00000000fdf00000)
 ParOldGen       total 191488K, used 21007K [0x00000000e0000000, 0x00000000ebb00000, 0x00000000f5580000)
  object space 191488K, 10% used [0x00000000e0000000,0x00000000e1483f08,0x00000000ebb00000)
 Metaspace       used 51844K, capacity 53014K, committed 53208K, reserved 1095680K
  class space    used 7023K, capacity 7348K, committed 7424K, reserved 1048576K
}
Event: 12.974 GC heap before
{Heap before GC invocations=11 (full 2):
 PSYoungGen      total 137728K, used 87824K [0x00000000f5580000, 0x00000000ff580000, 0x0000000100000000)
  eden space 124416K, 59% used [0x00000000f5580000,0x00000000f9e45e58,0x00000000fcf00000)
  from space 13312K, 99% used [0x00000000fdf00000,0x00000000febfe468,0x00000000fec00000)
  to   space 16384K, 0% used [0x00000000fcf00000,0x00000000fcf00000,0x00000000fdf00000)
 ParOldGen       total 191488K, used 21007K [0x00000000e0000000, 0x00000000ebb00000, 0x00000000f5580000)
  object space 191488K, 10% used [0x00000000e0000000,0x00000000e1483f08,0x00000000ebb00000)
 Metaspace       used 57358K, capacity 58776K, committed 58968K, reserved 1099776K
  class space    used 7804K, capacity 8202K, committed 8320K, reserved 1048576K
Event: 13.013 GC heap after
Heap after GC invocations=11 (full 2):
 PSYoungGen      total 140800K, used 16356K [0x00000000f5580000, 0x00000000ff580000, 0x0000000100000000)
  eden space 124416K, 0% used [0x00000000f5580000,0x00000000f5580000,0x00000000fcf00000)
  from space 16384K, 99% used [0x00000000fcf00000,0x00000000fdef90a0,0x00000000fdf00000)
  to   space 13312K, 0% used [0x00000000fdf00000,0x00000000fdf00000,0x00000000fec00000)
 ParOldGen       total 191488K, used 23703K [0x00000000e0000000, 0x00000000ebb00000, 0x00000000f5580000)
  object space 191488K, 12% used [0x00000000e0000000,0x00000000e1725dd0,0x00000000ebb00000)
 Metaspace       used 57358K, capacity 58776K, committed 58968K, reserved 1099776K
  class space    used 7804K, capacity 8202K, committed 8320K, reserved 1048576K
}
Event: 13.013 GC heap before
{Heap before GC invocations=12 (full 3):
 PSYoungGen      total 140800K, used 16356K [0x00000000f5580000, 0x00000000ff580000, 0x0000000100000000)
  eden space 124416K, 0% used [0x00000000f5580000,0x00000000f5580000,0x00000000fcf00000)
  from space 16384K, 99% used [0x00000000fcf00000,0x00000000fdef90a0,0x00000000fdf00000)
  to   space 13312K, 0% used [0x00000000fdf00000,0x00000000fdf00000,0x00000000fec00000)
 ParOldGen       total 191488K, used 23703K [0x00000000e0000000, 0x00000000ebb00000, 0x00000000f5580000)
  object space 191488K, 12% used [0x00000000e0000000,0x00000000e1725dd0,0x00000000ebb00000)
 Metaspace       used 57358K, capacity 58776K, committed 58968K, reserved 1099776K
  class space    used 7804K, capacity 8202K, committed 8320K, reserved 1048576K
Event: 13.247 GC heap after
Heap after GC invocations=12 (full 3):
 PSYoungGen      total 140800K, used 0K [0x00000000f5580000, 0x00000000ff580000, 0x0000000100000000)
  eden space 124416K, 0% used [0x00000000f5580000,0x00000000f5580000,0x00000000fcf00000)
  from space 16384K, 0% used [0x00000000fcf00000,0x00000000fcf00000,0x00000000fdf00000)
  to   space 13312K, 0% used [0x00000000fdf00000,0x00000000fdf00000,0x00000000fec00000)
 ParOldGen       total 191488K, used 32398K [0x00000000e0000000, 0x00000000ebb00000, 0x00000000f5580000)
  object space 191488K, 16% used [0x00000000e0000000,0x00000000e1fa3968,0x00000000ebb00000)
 Metaspace       used 57358K, capacity 58776K, committed 58968K, reserved 1099776K
  class space    used 7804K, capacity 8202K, committed 8320K, reserved 1048576K
}

Deoptimization events (10 events):
Event: 12.172 Thread 0x0000000016f7a000 Uncommon trap: reason=unstable_if action=reinterpret pc=0x00000000039818d8 method=com.sun.org.apache.xerces.internal.impl.XMLEntityScanner.skipSpaces()Z @ 72
Event: 12.239 Thread 0x0000000016f7a000 Uncommon trap: reason=bimorphic action=maybe_recompile pc=0x000000000365607c method=java.util.regex.Pattern$5.isSatisfiedBy(I)Z @ 16
Event: 12.239 Thread 0x0000000016f7a000 Uncommon trap: reason=bimorphic action=maybe_recompile pc=0x000000000365607c method=java.util.regex.Pattern$5.isSatisfiedBy(I)Z @ 16
Event: 12.239 Thread 0x0000000016f7a000 Uncommon trap: reason=bimorphic action=maybe_recompile pc=0x000000000365607c method=java.util.regex.Pattern$5.isSatisfiedBy(I)Z @ 16
Event: 12.239 Thread 0x0000000016f7a000 Uncommon trap: reason=bimorphic action=maybe_recompile pc=0x000000000365607c method=java.util.regex.Pattern$5.isSatisfiedBy(I)Z @ 16
Event: 12.622 Thread 0x0000000016f7a000 Uncommon trap: reason=unstable_if action=reinterpret pc=0x0000000003054fa4 method=sun.misc.MetaIndex.mayContain(Ljava/lang/String;)Z @ 38
Event: 12.823 Thread 0x0000000016f7a000 Uncommon trap: reason=unstable_if action=reinterpret pc=0x0000000002f30b28 method=java.util.regex.Pattern$BmpCharProperty.match(Ljava/util/regex/Matcher;ILjava/lang/CharSequence;)Z @ 34
Event: 12.842 Thread 0x0000000016f7a000 Uncommon trap: reason=unstable_if action=reinterpret pc=0x000000000397062c method=com.sun.org.apache.xerces.internal.impl.XMLEntityScanner.scanLiteral(ILcom/sun/org/apache/xerces/internal/xni/XMLString;Z)I @ 660
Event: 14.155 Thread 0x00000000171f4000 Uncommon trap: reason=unstable_if action=reinterpret pc=0x0000000002c874fc method=java.io.ObjectOutputStream$BlockDataOutputStream.drain()V @ 12
Event: 14.263 Thread 0x00000000193a0800 Uncommon trap: reason=bimorphic action=maybe_recompile pc=0x0000000003043a44 method=java.io.DataOutputStream.writeShort(I)V @ 12

Classes redefined (0 events):
No events

Internal exceptions (10 events):
Event: 13.298 Thread 0x0000000016f7a000 Exception <a 'java/lang/ClassNotFoundException': org/gradle/api/internal/file/CompositeFileTreeBeanInfo> (0x00000000f58874a0) thrown at [D:\src\AOSP-openjdk-cygwin\jdk8u\hotspot\src\share\vm\classfile\systemDictionary.cpp, line 210]
Event: 13.299 Thread 0x0000000016f7a000 Exception <a 'java/lang/ClassNotFoundException': org/gradle/api/internal/file/CompositeFileCollectionBeanInfo> (0x00000000f589f5d0) thrown at [D:\src\AOSP-openjdk-cygwin\jdk8u\hotspot\src\share\vm\classfile\systemDictionary.cpp, line 210]
Event: 13.299 Thread 0x0000000016f7a000 Exception <a 'java/lang/ClassNotFoundException': org/gradle/api/internal/file/AbstractFileCollectionBeanInfo> (0x00000000f58b7670) thrown at [D:\src\AOSP-openjdk-cygwin\jdk8u\hotspot\src\share\vm\classfile\systemDictionary.cpp, line 210]
Event: 13.299 Thread 0x0000000016f7a000 Exception <a 'java/lang/ClassNotFoundException': org/gradle/api/internal/file/AbstractFileCollectionCustomizer> (0x00000000f58cfc40) thrown at [D:\src\AOSP-openjdk-cygwin\jdk8u\hotspot\src\share\vm\classfile\systemDictionary.cpp, line 210]
Event: 13.300 Thread 0x0000000016f7a000 Exception <a 'java/lang/ClassNotFoundException': org/gradle/api/internal/file/CompositeFileCollectionCustomizer> (0x00000000f58f5850) thrown at [D:\src\AOSP-openjdk-cygwin\jdk8u\hotspot\src\share\vm\classfile\systemDictionary.cpp, line 210]
Event: 13.300 Thread 0x0000000016f7a000 Exception <a 'java/lang/ClassNotFoundException': org/gradle/api/internal/file/CompositeFileTreeCustomizer> (0x00000000f591bb98) thrown at [D:\src\AOSP-openjdk-cygwin\jdk8u\hotspot\src\share\vm\classfile\systemDictionary.cpp, line 210]
Event: 13.301 Thread 0x0000000016f7a000 Exception <a 'java/lang/ClassNotFoundException': org/gradle/api/internal/file/collections/DefaultConfigurableFileTreeCustomizer> (0x00000000f5944060) thrown at [D:\src\AOSP-openjdk-cygwin\jdk8u\hotspot\src\share\vm\classfile\systemDictionary.cpp, line 210
Event: 14.152 Thread 0x00000000171f4000 Exception <a 'java/lang/NoSuchMethodError': <clinit>> (0x00000000f73695a8) thrown at [D:\src\AOSP-openjdk-cygwin\jdk8u\hotspot\src\share\vm\prims\jni.cpp, line 1614]
Event: 14.154 Thread 0x00000000171f4000 Exception <a 'java/lang/NoSuchMethodError': <clinit>> (0x00000000f7375298) thrown at [D:\src\AOSP-openjdk-cygwin\jdk8u\hotspot\src\share\vm\prims\jni.cpp, line 1614]
Event: 14.159 Thread 0x00000000171f4000 Exception <a 'java/lang/NoSuchMethodError': <clinit>> (0x00000000f7381920) thrown at [D:\src\AOSP-openjdk-cygwin\jdk8u\hotspot\src\share\vm\prims\jni.cpp, line 1614]

Events (10 events):
Event: 14.261 loading class org/gradle/api/internal/file/collections/LazilyInitializedFileCollection done
Event: 14.263 Thread 0x00000000193a0800 Uncommon trap: trap_request=0xffffffc6 fr.pc=0x0000000003043a44
Event: 14.263 Thread 0x00000000193a0800 DEOPT PACKING pc=0x0000000003043a44 sp=0x000000002144def0
Event: 14.263 Thread 0x00000000193a0800 DEOPT UNPACKING pc=0x0000000002a3557b sp=0x000000002144def0 mode 2
Event: 14.280 loading class org/gradle/api/internal/tasks/execution/ResolveAfterPreviousExecutionStateTaskExecuter$1
Event: 14.280 loading class org/gradle/api/internal/tasks/execution/ResolveAfterPreviousExecutionStateTaskExecuter$1 done
Event: 14.282 loading class com/google/common/collect/ImmutableSortedMap$1EntrySet
Event: 14.282 loading class com/google/common/collect/ImmutableSortedMap$1EntrySet done
Event: 14.282 loading class com/google/common/collect/ImmutableMapEntrySet
Event: 14.282 loading class com/google/common/collect/ImmutableMapEntrySet done


Dynamic libraries:
0x00007ff6ae790000 - 0x00007ff6ae7c1000 	C:\Program Files\Android\Android Studio\jre\bin\java.exe
0x00007ffc4b2e0000 - 0x00007ffc4b4d0000 	C:\Windows\SYSTEM32\ntdll.dll
0x00007ffc49a50000 - 0x00007ffc49b02000 	C:\Windows\System32\KERNEL32.DLL
0x00007ffc49060000 - 0x00007ffc49303000 	C:\Windows\System32\KERNELBASE.dll
0x00007ffc44b50000 - 0x00007ffc44bdf000 	C:\Windows\SYSTEM32\apphelp.dll
0x00007ffc4a5b0000 - 0x00007ffc4a653000 	C:\Windows\System32\ADVAPI32.dll
0x00007ffc4a660000 - 0x00007ffc4a6fe000 	C:\Windows\System32\msvcrt.dll
0x00007ffc4a360000 - 0x00007ffc4a3f7000 	C:\Windows\System32\sechost.dll
0x00007ffc493f0000 - 0x00007ffc49510000 	C:\Windows\System32\RPCRT4.dll
0x00007ffc49ff0000 - 0x00007ffc4a184000 	C:\Windows\System32\USER32.dll
0x00007ffc48e10000 - 0x00007ffc48e31000 	C:\Windows\System32\win32u.dll
0x00007ffc49510000 - 0x00007ffc49536000 	C:\Windows\System32\GDI32.dll
0x00007ffc48b10000 - 0x00007ffc48ca4000 	C:\Windows\System32\gdi32full.dll
0x00007ffc48f90000 - 0x00007ffc4902e000 	C:\Windows\System32\msvcp_win.dll
0x00007ffc48cb0000 - 0x00007ffc48daa000 	C:\Windows\System32\ucrtbase.dll
0x00007ffc476c0000 - 0x00007ffc47945000 	C:\Windows\WinSxS\amd64_microsoft.windows.common-controls_6595b64144ccf1df_6.0.18362.476_none_e6c4b11b130f2595\COMCTL32.dll
0x00007ffc49c30000 - 0x00007ffc49f66000 	C:\Windows\System32\combase.dll
0x00007ffc49310000 - 0x00007ffc49390000 	C:\Windows\System32\bcryptPrimitives.dll
0x00007ffc49a20000 - 0x00007ffc49a4e000 	C:\Windows\System32\IMM32.DLL
0x0000000057550000 - 0x0000000057622000 	C:\Program Files\Android\Android Studio\jre\jre\bin\msvcr100.dll
0x00000000580a0000 - 0x00000000588e6000 	C:\Program Files\Android\Android Studio\jre\jre\bin\server\jvm.dll
0x00007ffc499b0000 - 0x00007ffc499b8000 	C:\Windows\System32\PSAPI.DLL
0x00007ffc43670000 - 0x00007ffc43694000 	C:\Windows\SYSTEM32\WINMM.dll
0x00007ffc46640000 - 0x00007ffc46649000 	C:\Windows\SYSTEM32\WSOCK32.dll
0x00007ffc49b10000 - 0x00007ffc49b7f000 	C:\Windows\System32\WS2_32.dll
0x00007ffc43640000 - 0x00007ffc4366d000 	C:\Windows\SYSTEM32\WINMMBASE.dll
0x00007ffc48270000 - 0x00007ffc482ba000 	C:\Windows\System32\cfgmgr32.dll
0x00007ffc44db0000 - 0x00007ffc44dba000 	C:\Windows\SYSTEM32\VERSION.dll
0x00007ffc375a0000 - 0x00007ffc375af000 	C:\Program Files\Android\Android Studio\jre\jre\bin\verify.dll
0x00007ffc25be0000 - 0x00007ffc25c09000 	C:\Program Files\Android\Android Studio\jre\jre\bin\java.dll
0x00007ffc2f910000 - 0x00007ffc2f926000 	C:\Program Files\Android\Android Studio\jre\jre\bin\zip.dll
0x00007ffc4abb0000 - 0x00007ffc4b295000 	C:\Windows\System32\SHELL32.dll
0x00007ffc49b80000 - 0x00007ffc49c29000 	C:\Windows\System32\shcore.dll
0x00007ffc482e0000 - 0x00007ffc48a5e000 	C:\Windows\System32\windows.storage.dll
0x00007ffc48250000 - 0x00007ffc4826f000 	C:\Windows\System32\profapi.dll
0x00007ffc48200000 - 0x00007ffc4824a000 	C:\Windows\System32\powrprof.dll
0x00007ffc481b0000 - 0x00007ffc481c0000 	C:\Windows\System32\UMPDC.dll
0x00007ffc49390000 - 0x00007ffc493e2000 	C:\Windows\System32\shlwapi.dll
0x00007ffc481c0000 - 0x00007ffc481d1000 	C:\Windows\System32\kernel.appcore.dll
0x00007ffc482c0000 - 0x00007ffc482d7000 	C:\Windows\System32\cryptsp.dll
0x00007ffc2f7d0000 - 0x00007ffc2f7ea000 	C:\Program Files\Android\Android Studio\jre\jre\bin\net.dll
0x00007ffc473a0000 - 0x00007ffc47407000 	C:\Windows\system32\mswsock.dll
0x00007ffc2f220000 - 0x00007ffc2f231000 	C:\Program Files\Android\Android Studio\jre\jre\bin\nio.dll
0x00007ffc1a4d0000 - 0x00007ffc1a4f6000 	C:\Users\kiera\.gradle\native\29\windows-amd64\native-platform.dll
0x00007ffc32b50000 - 0x00007ffc32b5d000 	C:\Program Files\Android\Android Studio\jre\jre\bin\management.dll
0x00007ffc46f10000 - 0x00007ffc46f43000 	C:\Windows\system32\rsaenh.dll
0x00007ffc49030000 - 0x00007ffc49056000 	C:\Windows\System32\bcrypt.dll
0x00007ffc480d0000 - 0x00007ffc480f5000 	C:\Windows\SYSTEM32\USERENV.dll
0x00007ffc47570000 - 0x00007ffc4757c000 	C:\Windows\SYSTEM32\CRYPTBASE.dll
0x00007ffc470b0000 - 0x00007ffc470ea000 	C:\Windows\SYSTEM32\IPHLPAPI.DLL
0x00007ffc4aaf0000 - 0x00007ffc4aaf8000 	C:\Windows\System32\NSI.dll
0x00007ffc3ea30000 - 0x00007ffc3ea46000 	C:\Windows\SYSTEM32\dhcpcsvc6.DLL
0x00007ffc3f440000 - 0x00007ffc3f45c000 	C:\Windows\SYSTEM32\dhcpcsvc.DLL
0x00007ffc470f0000 - 0x00007ffc471ba000 	C:\Windows\SYSTEM32\DNSAPI.dll

VM Arguments:
jvm_args: -XX:MaxMetaspaceSize=256m -XX:+HeapDumpOnOutOfMemoryError -Xms256m -Xmx512m -Dfile.encoding=windows-1252 -Duser.country=US -Duser.language=en -Duser.variant 
java_command: org.gradle.launcher.daemon.bootstrap.GradleDaemon 5.4.1
java_class_path (initial): C:\Users\kiera\.gradle\wrapper\dists\gradle-5.4.1-all\3221gyojl5jsh0helicew7rwx\gradle-5.4.1\lib\gradle-launcher-5.4.1.jar
Launcher Type: SUN_STANDARD

Environment Variables:
JAVA_HOME=C:\Program Files\Java\jdk-10.0.2
PATH=C:\Program Files (x86)\Common Files\Oracle\Java\javapath;C:\Program Files\Java\jdk-10.0.2\bin;C:\Windows\system32;C:\Windows;C:\Windows\System32\Wbem;C:\Windows\System32\WindowsPowerShell\v1.0\;C:\Windows\System32\OpenSSH\;C:\Program Files\Git\cmd;C:\Program Files (x86)\IVI Foundation\VISA\WinNT\Bin;C:\Users\kiera\AppData\Local\Android\Sdk\platform-tools;C:\Program Files\PuTTY\;C:\Users\kiera\AppData\Local\Microsoft\WindowsApps;C:\Users\kiera\AppData\Local\GitHubDesktop\bin
USERNAME=kiera
OS=Windows_NT
PROCESSOR_IDENTIFIER=Intel64 Family 6 Model 78 Stepping 3, GenuineIntel



---------------  S Y S T E M  ---------------

OS: Windows 10.0 , 64 bit Build 18362 (10.0.18362.329)

CPU:total 4 (initial active 4) (2 cores per cpu, 2 threads per core) family 6 model 78 stepping 3, cmov, cx8, fxsr, mmx, sse, sse2, sse3, ssse3, sse4.1, sse4.2, popcnt, avx, avx2, aes, clmul, erms, 3dnowpref, lzcnt, ht, tsc, tscinvbit, bmi1, bmi2, adx

Memory: 4k page, physical 6126432k(455880k free), swap 25000800k(4756k free)

vm_info: OpenJDK 64-Bit Server VM (25.202-b03) for windows-amd64 JRE (1.8.0_202-release-1483-b03), built by "builder" with MS VC++ 10.0 (VS2010)

time: Wed Jan 01 21:32:10 2020
timezone: Eastern Standard Time
elapsed time: 14 seconds (0d 0h 0m 14s)

